Using pre-set license
Built from '2021.1/staging' branch; Version is '2021.1.3f1 (4bef613afd59) revision 4976481'; Using compiler version '192528614'; Build Type 'Release'
OS: 'Windows 10 Home; OS build 19044.1706; Version 2009; 64bit' Language: 'en' Physical Memory: 32719 MB
BatchMode: 1, IsHumanControllingUs: 0, StartBugReporterOnCrash: 0, Is64bit: 1, IsPro: 0

 COMMAND LINE ARGUMENTS:
W:\Unity\2021.1.3f1\Editor\Unity.exe
-adb2
-batchMode
-noUpm
-name
AssetImportWorker0
-projectPath
W:/Unity/Projects/TwinStick/Twin Stick
-logFile
Logs/AssetImportWorker0.log
-srvPort
57728
Successfully changed project path to: W:/Unity/Projects/TwinStick/Twin Stick
W:/Unity/Projects/TwinStick/Twin Stick
Using Asset Import Pipeline V2.
Refreshing native plugins compatible for Editor in 153.46 ms, found 1 plugins.
Preloading 0 native plugins for Editor in 0.00 ms.
Initialize engine version: 2021.1.3f1 (4bef613afd59)
[Subsystems] Discovering subsystems at path W:/Unity/2021.1.3f1/Editor/Data/Resources/UnitySubsystems
[Subsystems] Discovering subsystems at path W:/Unity/Projects/TwinStick/Twin Stick/Assets
GfxDevice: creating device client; threaded=0; jobified=0
Direct3D:
    Version:  Direct3D 11.0 [level 11.1]
    Renderer: NVIDIA GeForce GTX 1070 (ID=0x1b81)
    Vendor:   NVIDIA
    VRAM:     8088 MB
    Driver:   30.0.15.1123
Initialize mono
Mono path[0] = 'W:/Unity/2021.1.3f1/Editor/Data/Managed'
Mono path[1] = 'W:/Unity/2021.1.3f1/Editor/Data/MonoBleedingEdge/lib/mono/unityjit'
Mono config path = 'W:/Unity/2021.1.3f1/Editor/Data/MonoBleedingEdge/etc'
Using monoOptions --debugger-agent=transport=dt_socket,embedding=1,server=y,suspend=n,address=127.0.0.1:56464
Begin MonoManager ReloadAssembly
Registering precompiled unity dll's ...
Register platform support module: W:/Unity/2021.1.3f1/Editor/Data/PlaybackEngines/WindowsStandaloneSupport/UnityEditor.WindowsStandalone.Extensions.dll
Registered in 0.001453 seconds.
Native extension for WindowsStandalone target not found
Refreshing native plugins compatible for Editor in 161.94 ms, found 1 plugins.
Preloading 0 native plugins for Editor in 0.00 ms.
Mono: successfully reloaded assembly
- Completed reload, in  1.406 seconds
Platform modules already initialized, skipping
Registering precompiled user dll's ...
Registered in 0.003813 seconds.
Begin MonoManager ReloadAssembly
Native extension for WindowsStandalone target not found
Refreshing native plugins compatible for Editor in 161.81 ms, found 1 plugins.
Preloading 0 native plugins for Editor in 0.00 ms.
Mono: successfully reloaded assembly
- Completed reload, in  1.640 seconds
Platform modules already initialized, skipping
========================================================================
Worker process is ready to serve import requests
Shader 'Universal Render Pipeline/Particles/Lit': fallback shader 'Universal Render Pipeline/Particles/SimpleLit' not found
Shader 'Universal Render Pipeline/Particles/Lit': fallback shader 'Universal Render Pipeline/Particles/SimpleLit' not found
Launched and connected shader compiler UnityShaderCompiler.exe after 0.05 seconds
Refreshing native plugins compatible for Editor in 0.98 ms, found 1 plugins.
Preloading 0 native plugins for Editor in 0.00 ms.
Unloading 4827 Unused Serialized files (Serialized files now loaded: 0)
System memory in use before: 188.8 MB.
System memory in use after: 186.0 MB.

Unloading 54 unused Assets to reduce memory usage. Loaded Objects now: 5247.
Total: 5.534000 ms (FindLiveObjects: 0.512300 ms CreateObjectMapping: 0.229900 ms MarkObjects: 3.275000 ms  DeleteObjects: 1.515200 ms)

========================================================================
Received Import Request.
  path: Assets/_Scene/Main.unity
  artifactKey: Guid(3791d162c2cd9014a92388d4236561ea) Importer(815301076,1909f56bfc062723c751e8b465ee728b)
Start importing Assets/_Scene/Main.unity using Guid(3791d162c2cd9014a92388d4236561ea) Importer(815301076,1909f56bfc062723c751e8b465ee728b)  -> (artifact id: '25595476fe005825f6a45aeab519f771') in 0.022523 seconds 
========================================================================
Received Import Request.
  Time since last request: 506.622070 seconds.
  path: Assets/Readme.asset
  artifactKey: Guid(83c2ed844a8c74b779a4c823d16594b1) Importer(815301076,1909f56bfc062723c751e8b465ee728b)
Start importing Assets/Readme.asset using Guid(83c2ed844a8c74b779a4c823d16594b1) Importer(815301076,1909f56bfc062723c751e8b465ee728b)  -> (artifact id: 'aece5dc44fdea04ed49d233b2569fa14') in 0.047230 seconds 
========================================================================
Received Import Request.
  Time since last request: 83.212777 seconds.
  path: Assets/Scripts
  artifactKey: Guid(02a3527b6b33a924e8ec66aa805ea717) Importer(815301076,1909f56bfc062723c751e8b465ee728b)
Start importing Assets/Scripts using Guid(02a3527b6b33a924e8ec66aa805ea717) Importer(815301076,1909f56bfc062723c751e8b465ee728b)  -> (artifact id: '8eb6d7bab622ac328a41b87f2972178c') in 0.008457 seconds 
========================================================================
Received Prepare
Registering precompiled user dll's ...
Registered in 0.003777 seconds.
Begin MonoManager ReloadAssembly
Native extension for WindowsStandalone target not found
Refreshing native plugins compatible for Editor in 0.98 ms, found 1 plugins.
Preloading 0 native plugins for Editor in 0.00 ms.
Mono: successfully reloaded assembly
- Completed reload, in  1.365 seconds
Platform modules already initialized, skipping
Shader 'Universal Render Pipeline/Particles/Lit': fallback shader 'Universal Render Pipeline/Particles/SimpleLit' not found
Shader 'Universal Render Pipeline/Particles/Lit': fallback shader 'Universal Render Pipeline/Particles/SimpleLit' not found
Refreshing native plugins compatible for Editor in 1.40 ms, found 1 plugins.
Preloading 0 native plugins for Editor in 0.00 ms.
Unloading 4734 Unused Serialized files (Serialized files now loaded: 0)
System memory in use before: 183.6 MB.
System memory in use after: 180.9 MB.

Unloading 47 unused Assets to reduce memory usage. Loaded Objects now: 5251.
Total: 5.638300 ms (FindLiveObjects: 0.504700 ms CreateObjectMapping: 0.174900 ms MarkObjects: 3.490200 ms  DeleteObjects: 1.466600 ms)

========================================================================
Received Import Request.
  Time since last request: 16.634989 seconds.
  path: Assets/Scripts/NewBehaviourScript.cs
  artifactKey: Guid(d57f1332510cba54b9e7734ea6430404) Importer(815301076,1909f56bfc062723c751e8b465ee728b)
Start importing Assets/Scripts/NewBehaviourScript.cs using Guid(d57f1332510cba54b9e7734ea6430404) Importer(815301076,1909f56bfc062723c751e8b465ee728b)  -> (artifact id: '5d0e8b5b4f0abcd258bd507896e84702') in 0.025327 seconds 
========================================================================
Received Import Request.
  Time since last request: 3.424107 seconds.
  path: Assets/Scripts/SimpleCameraController.cs
  artifactKey: Guid(be76e5f14cfee674cb30b491fb72b09b) Importer(815301076,1909f56bfc062723c751e8b465ee728b)
Start importing Assets/Scripts/SimpleCameraController.cs using Guid(be76e5f14cfee674cb30b491fb72b09b) Importer(815301076,1909f56bfc062723c751e8b465ee728b)  -> (artifact id: '647769f1ca3ffffacf41ab8fa8bff0eb') in 0.006910 seconds 
========================================================================
Received Import Request.
  Time since last request: 6.412005 seconds.
  path: Assets/Scripts/TwinStickMovement.cs
  artifactKey: Guid(be76e5f14cfee674cb30b491fb72b09b) Importer(815301076,1909f56bfc062723c751e8b465ee728b)
Start importing Assets/Scripts/TwinStickMovement.cs using Guid(be76e5f14cfee674cb30b491fb72b09b) Importer(815301076,1909f56bfc062723c751e8b465ee728b)  -> (artifact id: '3da62cdda211e5071b04074bdcf53acc') in 0.007273 seconds 
========================================================================
Received Prepare
Registering precompiled user dll's ...
Registered in 0.003786 seconds.
Begin MonoManager ReloadAssembly
Native extension for WindowsStandalone target not found
Refreshing native plugins compatible for Editor in 0.99 ms, found 1 plugins.
Preloading 0 native plugins for Editor in 0.00 ms.
Mono: successfully reloaded assembly
- Completed reload, in  1.381 seconds
Platform modules already initialized, skipping
Shader 'Universal Render Pipeline/Particles/Lit': fallback shader 'Universal Render Pipeline/Particles/SimpleLit' not found
Shader 'Universal Render Pipeline/Particles/Lit': fallback shader 'Universal Render Pipeline/Particles/SimpleLit' not found
Refreshing native plugins compatible for Editor in 1.02 ms, found 1 plugins.
Preloading 0 native plugins for Editor in 0.00 ms.
Unloading 4734 Unused Serialized files (Serialized files now loaded: 0)
System memory in use before: 183.7 MB.
System memory in use after: 180.9 MB.

Unloading 47 unused Assets to reduce memory usage. Loaded Objects now: 5254.
Total: 7.078000 ms (FindLiveObjects: 0.632500 ms CreateObjectMapping: 0.251900 ms MarkObjects: 4.610200 ms  DeleteObjects: 1.581600 ms)

========================================================================
Received Prepare
Registering precompiled user dll's ...
Registered in 0.004406 seconds.
Begin MonoManager ReloadAssembly
Native extension for WindowsStandalone target not found
Refreshing native plugins compatible for Editor in 1.35 ms, found 1 plugins.
Preloading 0 native plugins for Editor in 0.00 ms.
Mono: successfully reloaded assembly
- Completed reload, in  1.423 seconds
Platform modules already initialized, skipping
Shader 'Universal Render Pipeline/Particles/Lit': fallback shader 'Universal Render Pipeline/Particles/SimpleLit' not found
Shader 'Universal Render Pipeline/Particles/Lit': fallback shader 'Universal Render Pipeline/Particles/SimpleLit' not found
Refreshing native plugins compatible for Editor in 1.28 ms, found 1 plugins.
Preloading 0 native plugins for Editor in 0.00 ms.
Unloading 4734 Unused Serialized files (Serialized files now loaded: 0)
System memory in use before: 183.7 MB.
System memory in use after: 181.0 MB.

Unloading 47 unused Assets to reduce memory usage. Loaded Objects now: 5257.
Total: 6.109300 ms (FindLiveObjects: 0.520300 ms CreateObjectMapping: 0.160200 ms MarkObjects: 3.794800 ms  DeleteObjects: 1.631900 ms)

========================================================================
Received Import Request.
  Time since last request: 35.074416 seconds.
  path: Assets/Scripts/R.cs
  artifactKey: Guid(d57f1332510cba54b9e7734ea6430404) Importer(815301076,1909f56bfc062723c751e8b465ee728b)
Start importing Assets/Scripts/R.cs using Guid(d57f1332510cba54b9e7734ea6430404) Importer(815301076,1909f56bfc062723c751e8b465ee728b)  -> (artifact id: '92feb61ecc95b56fe0f504429c3a9c3e') in 0.013451 seconds 
========================================================================
Received Prepare
Registering precompiled user dll's ...
Registered in 0.003728 seconds.
Begin MonoManager ReloadAssembly
Native extension for WindowsStandalone target not found
Refreshing native plugins compatible for Editor in 1.05 ms, found 1 plugins.
Preloading 0 native plugins for Editor in 0.00 ms.
Mono: successfully reloaded assembly
- Completed reload, in  1.344 seconds
Platform modules already initialized, skipping
Shader 'Universal Render Pipeline/Particles/Lit': fallback shader 'Universal Render Pipeline/Particles/SimpleLit' not found
Shader 'Universal Render Pipeline/Particles/Lit': fallback shader 'Universal Render Pipeline/Particles/SimpleLit' not found
Refreshing native plugins compatible for Editor in 0.99 ms, found 1 plugins.
Preloading 0 native plugins for Editor in 0.00 ms.
Unloading 4734 Unused Serialized files (Serialized files now loaded: 0)
System memory in use before: 183.8 MB.
System memory in use after: 181.0 MB.

Unloading 47 unused Assets to reduce memory usage. Loaded Objects now: 5260.
Total: 5.492300 ms (FindLiveObjects: 0.489800 ms CreateObjectMapping: 0.159900 ms MarkObjects: 3.263200 ms  DeleteObjects: 1.577900 ms)

========================================================================
Received Import Request.
  Time since last request: 11.840781 seconds.
  path: Assets/Scripts/TwinStick.cs
  artifactKey: Guid(d57f1332510cba54b9e7734ea6430404) Importer(815301076,1909f56bfc062723c751e8b465ee728b)
Start importing Assets/Scripts/TwinStick.cs using Guid(d57f1332510cba54b9e7734ea6430404) Importer(815301076,1909f56bfc062723c751e8b465ee728b)  -> (artifact id: '566099dba3881a1d9ae018eac2957e49') in 0.013947 seconds 
========================================================================
Received Prepare
Registering precompiled user dll's ...
Registered in 0.003648 seconds.
Begin MonoManager ReloadAssembly
Native extension for WindowsStandalone target not found
Refreshing native plugins compatible for Editor in 1.03 ms, found 1 plugins.
Preloading 0 native plugins for Editor in 0.00 ms.
Mono: successfully reloaded assembly
- Completed reload, in  1.349 seconds
Platform modules already initialized, skipping
Shader 'Universal Render Pipeline/Particles/Lit': fallback shader 'Universal Render Pipeline/Particles/SimpleLit' not found
Shader 'Universal Render Pipeline/Particles/Lit': fallback shader 'Universal Render Pipeline/Particles/SimpleLit' not found
Refreshing native plugins compatible for Editor in 0.98 ms, found 1 plugins.
Preloading 0 native plugins for Editor in 0.00 ms.
Unloading 4734 Unused Serialized files (Serialized files now loaded: 0)
System memory in use before: 183.6 MB.
System memory in use after: 180.8 MB.

Unloading 47 unused Assets to reduce memory usage. Loaded Objects now: 5263.
Total: 5.555200 ms (FindLiveObjects: 0.524100 ms CreateObjectMapping: 0.187800 ms MarkObjects: 3.214000 ms  DeleteObjects: 1.627500 ms)

========================================================================
Received Import Request.
  Time since last request: 7.771811 seconds.
  path: Assets/Scripts/TwinStickController.cs
  artifactKey: Guid(d57f1332510cba54b9e7734ea6430404) Importer(815301076,1909f56bfc062723c751e8b465ee728b)
Start importing Assets/Scripts/TwinStickController.cs using Guid(d57f1332510cba54b9e7734ea6430404) Importer(815301076,1909f56bfc062723c751e8b465ee728b)  -> (artifact id: '0de21cc524bc8e81ed628bf231b977b3') in 0.013818 seconds 
========================================================================
Received Prepare
Registering precompiled user dll's ...
Registered in 0.003703 seconds.
Begin MonoManager ReloadAssembly
Native extension for WindowsStandalone target not found
Refreshing native plugins compatible for Editor in 0.98 ms, found 1 plugins.
Preloading 0 native plugins for Editor in 0.00 ms.
Mono: successfully reloaded assembly
- Completed reload, in  1.336 seconds
Platform modules already initialized, skipping
Shader 'Universal Render Pipeline/Particles/Lit': fallback shader 'Universal Render Pipeline/Particles/SimpleLit' not found
Shader 'Universal Render Pipeline/Particles/Lit': fallback shader 'Universal Render Pipeline/Particles/SimpleLit' not found
Refreshing native plugins compatible for Editor in 1.13 ms, found 1 plugins.
Preloading 0 native plugins for Editor in 0.00 ms.
Unloading 4734 Unused Serialized files (Serialized files now loaded: 0)
System memory in use before: 183.8 MB.
System memory in use after: 181.0 MB.

Unloading 47 unused Assets to reduce memory usage. Loaded Objects now: 5266.
Total: 6.167900 ms (FindLiveObjects: 0.562100 ms CreateObjectMapping: 0.177600 ms MarkObjects: 3.624300 ms  DeleteObjects: 1.802200 ms)

========================================================================
Received Prepare
Registering precompiled user dll's ...
Registered in 0.003685 seconds.
Begin MonoManager ReloadAssembly
Native extension for WindowsStandalone target not found
Refreshing native plugins compatible for Editor in 0.97 ms, found 1 plugins.
Preloading 0 native plugins for Editor in 0.00 ms.
Mono: successfully reloaded assembly
- Completed reload, in  1.341 seconds
Platform modules already initialized, skipping
Shader 'Universal Render Pipeline/Particles/Lit': fallback shader 'Universal Render Pipeline/Particles/SimpleLit' not found
Shader 'Universal Render Pipeline/Particles/Lit': fallback shader 'Universal Render Pipeline/Particles/SimpleLit' not found
Refreshing native plugins compatible for Editor in 1.00 ms, found 1 plugins.
Preloading 0 native plugins for Editor in 0.00 ms.
Unloading 4735 Unused Serialized files (Serialized files now loaded: 0)
System memory in use before: 183.8 MB.
System memory in use after: 181.1 MB.

Unloading 47 unused Assets to reduce memory usage. Loaded Objects now: 5270.
Total: 5.264100 ms (FindLiveObjects: 0.533200 ms CreateObjectMapping: 0.172600 ms MarkObjects: 2.932100 ms  DeleteObjects: 1.624700 ms)

========================================================================
Received Import Request.
  Time since last request: 407.103280 seconds.
  path: Assets/Scripts/R.cs
  artifactKey: Guid(3655896b033ddda4ab023a2dd63d6aa7) Importer(815301076,1909f56bfc062723c751e8b465ee728b)
Start importing Assets/Scripts/R.cs using Guid(3655896b033ddda4ab023a2dd63d6aa7) Importer(815301076,1909f56bfc062723c751e8b465ee728b)  -> (artifact id: '67298e7b345aef1b3b47c7e6eb66e926') in 0.013219 seconds 
========================================================================
Received Prepare
Registering precompiled user dll's ...
Registered in 0.003673 seconds.
Begin MonoManager ReloadAssembly
Native extension for WindowsStandalone target not found
Refreshing native plugins compatible for Editor in 1.00 ms, found 1 plugins.
Preloading 0 native plugins for Editor in 0.00 ms.
Mono: successfully reloaded assembly
- Completed reload, in  1.345 seconds
Platform modules already initialized, skipping
Shader 'Universal Render Pipeline/Particles/Lit': fallback shader 'Universal Render Pipeline/Particles/SimpleLit' not found
Shader 'Universal Render Pipeline/Particles/Lit': fallback shader 'Universal Render Pipeline/Particles/SimpleLit' not found
Refreshing native plugins compatible for Editor in 0.99 ms, found 1 plugins.
Preloading 0 native plugins for Editor in 0.00 ms.
Unloading 4734 Unused Serialized files (Serialized files now loaded: 0)
System memory in use before: 183.8 MB.
System memory in use after: 181.1 MB.

Unloading 48 unused Assets to reduce memory usage. Loaded Objects now: 5272.
Total: 5.295500 ms (FindLiveObjects: 0.483700 ms CreateObjectMapping: 0.168800 ms MarkObjects: 3.042600 ms  DeleteObjects: 1.599200 ms)

========================================================================
Received Import Request.
  Time since last request: 24.684926 seconds.
  path: Assets/Scripts/TwinStickController.cs
  artifactKey: Guid(3655896b033ddda4ab023a2dd63d6aa7) Importer(815301076,1909f56bfc062723c751e8b465ee728b)
Start importing Assets/Scripts/TwinStickController.cs using Guid(3655896b033ddda4ab023a2dd63d6aa7) Importer(815301076,1909f56bfc062723c751e8b465ee728b)  -> (artifact id: '53d1c63009110f0231ae2ff12648ade4') in 0.013839 seconds 
========================================================================
Received Prepare
Registering precompiled user dll's ...
Registered in 0.003903 seconds.
Begin MonoManager ReloadAssembly
Native extension for WindowsStandalone target not found
Refreshing native plugins compatible for Editor in 0.97 ms, found 1 plugins.
Preloading 0 native plugins for Editor in 0.00 ms.
Mono: successfully reloaded assembly
- Completed reload, in  1.370 seconds
Platform modules already initialized, skipping
Shader 'Universal Render Pipeline/Particles/Lit': fallback shader 'Universal Render Pipeline/Particles/SimpleLit' not found
Shader 'Universal Render Pipeline/Particles/Lit': fallback shader 'Universal Render Pipeline/Particles/SimpleLit' not found
Refreshing native plugins compatible for Editor in 1.00 ms, found 1 plugins.
Preloading 0 native plugins for Editor in 0.00 ms.
Unloading 4734 Unused Serialized files (Serialized files now loaded: 0)
System memory in use before: 183.8 MB.
System memory in use after: 181.1 MB.

Unloading 47 unused Assets to reduce memory usage. Loaded Objects now: 5275.
Total: 6.010100 ms (FindLiveObjects: 0.794600 ms CreateObjectMapping: 0.453200 ms MarkObjects: 3.142100 ms  DeleteObjects: 1.618700 ms)

========================================================================
Received Import Request.
  Time since last request: 48.683007 seconds.
  path: Assets/Scripts/PlayerControls.inputactions
  artifactKey: Guid(3601f62aec23c7f46ae7e5df3cfa67c0) Importer(815301076,1909f56bfc062723c751e8b465ee728b)
Start importing Assets/Scripts/PlayerControls.inputactions using Guid(3601f62aec23c7f46ae7e5df3cfa67c0) Importer(815301076,1909f56bfc062723c751e8b465ee728b)  -> (artifact id: '53a1a0a612946dee3a009a0674489024') in 0.029466 seconds 
========================================================================
Received Import Request.
  Time since last request: 497.647930 seconds.
  path: Assets/Scripts/PlayerControls.inputactions
  artifactKey: Guid(3601f62aec23c7f46ae7e5df3cfa67c0) Importer(815301076,1909f56bfc062723c751e8b465ee728b)
Start importing Assets/Scripts/PlayerControls.inputactions using Guid(3601f62aec23c7f46ae7e5df3cfa67c0) Importer(815301076,1909f56bfc062723c751e8b465ee728b)  -> (artifact id: '1dec45a563c6e8ffda3acbb23372949f') in 0.005819 seconds 
========================================================================
Received Import Request.
  Time since last request: 13.408183 seconds.
  path: Assets/Scripts/PlayerControls.inputactions
  artifactKey: Guid(3601f62aec23c7f46ae7e5df3cfa67c0) Importer(815301076,1909f56bfc062723c751e8b465ee728b)
Start importing Assets/Scripts/PlayerControls.inputactions using Guid(3601f62aec23c7f46ae7e5df3cfa67c0) Importer(815301076,1909f56bfc062723c751e8b465ee728b)  -> (artifact id: 'bda4644e8e7ccca74a114531c288df82') in 0.003629 seconds 
========================================================================
Received Prepare
Registering precompiled user dll's ...
Registered in 0.003678 seconds.
Begin MonoManager ReloadAssembly
Native extension for WindowsStandalone target not found
Refreshing native plugins compatible for Editor in 1.12 ms, found 1 plugins.
Preloading 0 native plugins for Editor in 0.00 ms.
Mono: successfully reloaded assembly
- Completed reload, in  1.368 seconds
Platform modules already initialized, skipping
Shader 'Universal Render Pipeline/Particles/Lit': fallback shader 'Universal Render Pipeline/Particles/SimpleLit' not found
Shader 'Universal Render Pipeline/Particles/Lit': fallback shader 'Universal Render Pipeline/Particles/SimpleLit' not found
Refreshing native plugins compatible for Editor in 0.99 ms, found 1 plugins.
Preloading 0 native plugins for Editor in 0.00 ms.
Unloading 4735 Unused Serialized files (Serialized files now loaded: 0)
System memory in use before: 183.7 MB.
System memory in use after: 180.9 MB.

Unloading 47 unused Assets to reduce memory usage. Loaded Objects now: 5279.
Total: 5.596500 ms (FindLiveObjects: 0.558000 ms CreateObjectMapping: 0.205400 ms MarkObjects: 3.213900 ms  DeleteObjects: 1.617800 ms)

========================================================================
Received Import Request.
  Time since last request: 825.285284 seconds.
  path: Assets/Scripts/R.cs
  artifactKey: Guid(499c9e6dd32d997438e29a3ce71147b5) Importer(815301076,1909f56bfc062723c751e8b465ee728b)
Start importing Assets/Scripts/R.cs using Guid(499c9e6dd32d997438e29a3ce71147b5) Importer(815301076,1909f56bfc062723c751e8b465ee728b)  -> (artifact id: 'c60cd33ee9de65ff0091d122d4bd4bce') in 0.010043 seconds 
========================================================================
Received Import Request.
  Time since last request: 53.650656 seconds.
  path: Assets/Scripts/TwinStickController.cs
  artifactKey: Guid(499c9e6dd32d997438e29a3ce71147b5) Importer(815301076,1909f56bfc062723c751e8b465ee728b)
Start importing Assets/Scripts/TwinStickController.cs using Guid(499c9e6dd32d997438e29a3ce71147b5) Importer(815301076,1909f56bfc062723c751e8b465ee728b)  -> (artifact id: 'fb65d981f4aff777e10c7f4a2bdf3638') in 0.002318 seconds 
========================================================================
Received Import Request.
  Time since last request: 6.306946 seconds.
  path: Assets/Scripts/PlayerControls.cs
  artifactKey: Guid(5e91a35eb0117604083ef5d1e2a6ceae) Importer(815301076,1909f56bfc062723c751e8b465ee728b)
Start importing Assets/Scripts/PlayerControls.cs using Guid(5e91a35eb0117604083ef5d1e2a6ceae) Importer(815301076,1909f56bfc062723c751e8b465ee728b)  -> (artifact id: '71b56f82f6575f39e375423f354325bb') in 0.002179 seconds 
========================================================================
Received Import Request.
  Time since last request: 162.046620 seconds.
  path: Assets/Scripts/TwinStickMovement.cs
  artifactKey: Guid(499c9e6dd32d997438e29a3ce71147b5) Importer(815301076,1909f56bfc062723c751e8b465ee728b)
Start importing Assets/Scripts/TwinStickMovement.cs using Guid(499c9e6dd32d997438e29a3ce71147b5) Importer(815301076,1909f56bfc062723c751e8b465ee728b)  -> (artifact id: '73cbcc1ebd79225556cfaa05eb474862') in 0.006987 seconds 
========================================================================
Received Import Request.
  Time since last request: 2201.812692 seconds.
  path: Assets/Scripts/TwinStickController.cs
  artifactKey: Guid(a684fcdba7b7b3a44b82e007bf150ad3) Importer(815301076,1909f56bfc062723c751e8b465ee728b)
Start importing Assets/Scripts/TwinStickController.cs using Guid(a684fcdba7b7b3a44b82e007bf150ad3) Importer(815301076,1909f56bfc062723c751e8b465ee728b)  -> (artifact id: '4047bae98ea3bb01e10a2beb5d05662a') in 0.002236 seconds 
========================================================================
Received Prepare
Registering precompiled user dll's ...
Registered in 0.003746 seconds.
Begin MonoManager ReloadAssembly
Native extension for WindowsStandalone target not found
Refreshing native plugins compatible for Editor in 0.97 ms, found 1 plugins.
Preloading 0 native plugins for Editor in 0.00 ms.
Mono: successfully reloaded assembly
- Completed reload, in  1.358 seconds
Platform modules already initialized, skipping
Shader 'Universal Render Pipeline/Particles/Lit': fallback shader 'Universal Render Pipeline/Particles/SimpleLit' not found
Shader 'Universal Render Pipeline/Particles/Lit': fallback shader 'Universal Render Pipeline/Particles/SimpleLit' not found
Refreshing native plugins compatible for Editor in 0.99 ms, found 1 plugins.
Preloading 0 native plugins for Editor in 0.00 ms.
Unloading 4735 Unused Serialized files (Serialized files now loaded: 0)
System memory in use before: 183.9 MB.
System memory in use after: 181.1 MB.

Unloading 48 unused Assets to reduce memory usage. Loaded Objects now: 5282.
Total: 5.341100 ms (FindLiveObjects: 0.619700 ms CreateObjectMapping: 0.183300 ms MarkObjects: 2.923400 ms  DeleteObjects: 1.612700 ms)

========================================================================
Received Prepare
Registering precompiled user dll's ...
Registered in 0.003758 seconds.
Begin MonoManager ReloadAssembly
Native extension for WindowsStandalone target not found
Refreshing native plugins compatible for Editor in 1.02 ms, found 1 plugins.
Preloading 0 native plugins for Editor in 0.00 ms.
Mono: successfully reloaded assembly
- Completed reload, in  1.342 seconds
Platform modules already initialized, skipping
Shader 'Universal Render Pipeline/Particles/Lit': fallback shader 'Universal Render Pipeline/Particles/SimpleLit' not found
Shader 'Universal Render Pipeline/Particles/Lit': fallback shader 'Universal Render Pipeline/Particles/SimpleLit' not found
Refreshing native plugins compatible for Editor in 1.12 ms, found 1 plugins.
Preloading 0 native plugins for Editor in 0.00 ms.
Unloading 4735 Unused Serialized files (Serialized files now loaded: 0)
System memory in use before: 183.9 MB.
System memory in use after: 181.1 MB.

Unloading 47 unused Assets to reduce memory usage. Loaded Objects now: 5285.
Total: 5.822300 ms (FindLiveObjects: 0.560000 ms CreateObjectMapping: 0.193800 ms MarkObjects: 3.367400 ms  DeleteObjects: 1.699200 ms)

========================================================================
Received Import Request.
  Time since last request: 1030.462339 seconds.
  path: Assets/Scripts/TwinStickMovement.cs
  artifactKey: Guid(499c9e6dd32d997438e29a3ce71147b5) Importer(815301076,1909f56bfc062723c751e8b465ee728b)
Start importing Assets/Scripts/TwinStickMovement.cs using Guid(499c9e6dd32d997438e29a3ce71147b5) Importer(815301076,1909f56bfc062723c751e8b465ee728b)  -> (artifact id: '834550b5521521e6d5688e9a682c36e9') in 0.009084 seconds 
========================================================================
Received Prepare
Registering precompiled user dll's ...
Registered in 0.004091 seconds.
Begin MonoManager ReloadAssembly
Native extension for WindowsStandalone target not found
Refreshing native plugins compatible for Editor in 1.00 ms, found 1 plugins.
Preloading 0 native plugins for Editor in 0.00 ms.
Mono: successfully reloaded assembly
- Completed reload, in  1.427 seconds
Platform modules already initialized, skipping
Shader 'Universal Render Pipeline/Particles/Lit': fallback shader 'Universal Render Pipeline/Particles/SimpleLit' not found
Shader 'Universal Render Pipeline/Particles/Lit': fallback shader 'Universal Render Pipeline/Particles/SimpleLit' not found
Refreshing native plugins compatible for Editor in 1.06 ms, found 1 plugins.
Preloading 0 native plugins for Editor in 0.00 ms.
Unloading 4735 Unused Serialized files (Serialized files now loaded: 0)
System memory in use before: 183.9 MB.
System memory in use after: 181.1 MB.

Unloading 47 unused Assets to reduce memory usage. Loaded Objects now: 5288.
Total: 5.930500 ms (FindLiveObjects: 0.540200 ms CreateObjectMapping: 0.179900 ms MarkObjects: 3.550600 ms  DeleteObjects: 1.658600 ms)

========================================================================
Received Prepare
Registering precompiled user dll's ...
Registered in 0.003802 seconds.
Begin MonoManager ReloadAssembly
Native extension for WindowsStandalone target not found
Refreshing native plugins compatible for Editor in 0.98 ms, found 1 plugins.
Preloading 0 native plugins for Editor in 0.00 ms.
Mono: successfully reloaded assembly
- Completed reload, in  1.348 seconds
Platform modules already initialized, skipping
Shader 'Universal Render Pipeline/Particles/Lit': fallback shader 'Universal Render Pipeline/Particles/SimpleLit' not found
Shader 'Universal Render Pipeline/Particles/Lit': fallback shader 'Universal Render Pipeline/Particles/SimpleLit' not found
Refreshing native plugins compatible for Editor in 1.01 ms, found 1 plugins.
Preloading 0 native plugins for Editor in 0.00 ms.
Unloading 4735 Unused Serialized files (Serialized files now loaded: 0)
System memory in use before: 183.9 MB.
System memory in use after: 181.2 MB.

Unloading 47 unused Assets to reduce memory usage. Loaded Objects now: 5291.
Total: 5.427500 ms (FindLiveObjects: 0.492100 ms CreateObjectMapping: 0.156500 ms MarkObjects: 3.181600 ms  DeleteObjects: 1.595500 ms)

========================================================================
Received Import Request.
  Time since last request: 730.665833 seconds.
  path: Assets/Scripts/PlayerControls.inputactions
  artifactKey: Guid(3601f62aec23c7f46ae7e5df3cfa67c0) Importer(815301076,1909f56bfc062723c751e8b465ee728b)
Start importing Assets/Scripts/PlayerControls.inputactions using Guid(3601f62aec23c7f46ae7e5df3cfa67c0) Importer(815301076,1909f56bfc062723c751e8b465ee728b)  -> (artifact id: '690a00b0638d6f9284a2a57efda064af') in 0.026408 seconds 
========================================================================
Received Prepare
Registering precompiled user dll's ...
Registered in 0.003902 seconds.
Begin MonoManager ReloadAssembly
Native extension for WindowsStandalone target not found
Refreshing native plugins compatible for Editor in 0.99 ms, found 1 plugins.
Preloading 0 native plugins for Editor in 0.00 ms.
Mono: successfully reloaded assembly
- Completed reload, in  1.366 seconds
Platform modules already initialized, skipping
Shader 'Universal Render Pipeline/Particles/Lit': fallback shader 'Universal Render Pipeline/Particles/SimpleLit' not found
Shader 'Universal Render Pipeline/Particles/Lit': fallback shader 'Universal Render Pipeline/Particles/SimpleLit' not found
Refreshing native plugins compatible for Editor in 1.03 ms, found 1 plugins.
Preloading 0 native plugins for Editor in 0.00 ms.
Unloading 4735 Unused Serialized files (Serialized files now loaded: 0)
System memory in use before: 183.7 MB.
System memory in use after: 181.0 MB.

Unloading 47 unused Assets to reduce memory usage. Loaded Objects now: 5294.
Total: 5.871300 ms (FindLiveObjects: 0.489000 ms CreateObjectMapping: 0.165300 ms MarkObjects: 3.543300 ms  DeleteObjects: 1.672300 ms)

========================================================================
Received Prepare
Registering precompiled user dll's ...
Registered in 0.003687 seconds.
Begin MonoManager ReloadAssembly
Native extension for WindowsStandalone target not found
Refreshing native plugins compatible for Editor in 1.55 ms, found 1 plugins.
Preloading 0 native plugins for Editor in 0.00 ms.
Mono: successfully reloaded assembly
- Completed reload, in  1.326 seconds
Platform modules already initialized, skipping
Shader 'Universal Render Pipeline/Particles/Lit': fallback shader 'Universal Render Pipeline/Particles/SimpleLit' not found
Shader 'Universal Render Pipeline/Particles/Lit': fallback shader 'Universal Render Pipeline/Particles/SimpleLit' not found
Refreshing native plugins compatible for Editor in 1.00 ms, found 1 plugins.
Preloading 0 native plugins for Editor in 0.00 ms.
Unloading 4735 Unused Serialized files (Serialized files now loaded: 0)
System memory in use before: 183.9 MB.
System memory in use after: 181.2 MB.

Unloading 47 unused Assets to reduce memory usage. Loaded Objects now: 5297.
Total: 5.489600 ms (FindLiveObjects: 0.498300 ms CreateObjectMapping: 0.157800 ms MarkObjects: 3.205700 ms  DeleteObjects: 1.625800 ms)

========================================================================
Received Prepare
Registering precompiled user dll's ...
Registered in 0.003887 seconds.
Begin MonoManager ReloadAssembly
Native extension for WindowsStandalone target not found
Refreshing native plugins compatible for Editor in 0.97 ms, found 1 plugins.
Preloading 0 native plugins for Editor in 0.00 ms.
Mono: successfully reloaded assembly
- Completed reload, in  1.319 seconds
Platform modules already initialized, skipping
Shader 'Universal Render Pipeline/Particles/Lit': fallback shader 'Universal Render Pipeline/Particles/SimpleLit' not found
Shader 'Universal Render Pipeline/Particles/Lit': fallback shader 'Universal Render Pipeline/Particles/SimpleLit' not found
Refreshing native plugins compatible for Editor in 1.07 ms, found 1 plugins.
Preloading 0 native plugins for Editor in 0.00 ms.
Unloading 4735 Unused Serialized files (Serialized files now loaded: 0)
System memory in use before: 183.9 MB.
System memory in use after: 181.2 MB.

Unloading 47 unused Assets to reduce memory usage. Loaded Objects now: 5300.
Total: 5.466600 ms (FindLiveObjects: 0.494800 ms CreateObjectMapping: 0.166500 ms MarkObjects: 3.190700 ms  DeleteObjects: 1.612900 ms)

========================================================================
Received Prepare
Registering precompiled user dll's ...
Registered in 0.003830 seconds.
Begin MonoManager ReloadAssembly
Native extension for WindowsStandalone target not found
Refreshing native plugins compatible for Editor in 1.09 ms, found 1 plugins.
Preloading 0 native plugins for Editor in 0.00 ms.
Mono: successfully reloaded assembly
- Completed reload, in  1.351 seconds
Platform modules already initialized, skipping
Shader 'Universal Render Pipeline/Particles/Lit': fallback shader 'Universal Render Pipeline/Particles/SimpleLit' not found
Shader 'Universal Render Pipeline/Particles/Lit': fallback shader 'Universal Render Pipeline/Particles/SimpleLit' not found
Refreshing native plugins compatible for Editor in 0.99 ms, found 1 plugins.
Preloading 0 native plugins for Editor in 0.00 ms.
Unloading 4735 Unused Serialized files (Serialized files now loaded: 0)
System memory in use before: 183.9 MB.
System memory in use after: 181.2 MB.

Unloading 47 unused Assets to reduce memory usage. Loaded Objects now: 5303.
Total: 5.685000 ms (FindLiveObjects: 0.566900 ms CreateObjectMapping: 0.257900 ms MarkObjects: 3.231600 ms  DeleteObjects: 1.626700 ms)

========================================================================
Received Prepare
Registering precompiled user dll's ...
Registered in 0.003748 seconds.
Begin MonoManager ReloadAssembly
Native extension for WindowsStandalone target not found
Refreshing native plugins compatible for Editor in 1.00 ms, found 1 plugins.
Preloading 0 native plugins for Editor in 0.00 ms.
Mono: successfully reloaded assembly
- Completed reload, in  1.351 seconds
Platform modules already initialized, skipping
Shader 'Universal Render Pipeline/Particles/Lit': fallback shader 'Universal Render Pipeline/Particles/SimpleLit' not found
Shader 'Universal Render Pipeline/Particles/Lit': fallback shader 'Universal Render Pipeline/Particles/SimpleLit' not found
Refreshing native plugins compatible for Editor in 1.00 ms, found 1 plugins.
Preloading 0 native plugins for Editor in 0.00 ms.
Unloading 4735 Unused Serialized files (Serialized files now loaded: 0)
System memory in use before: 184.0 MB.
System memory in use after: 181.2 MB.

Unloading 47 unused Assets to reduce memory usage. Loaded Objects now: 5306.
Total: 5.855100 ms (FindLiveObjects: 0.521400 ms CreateObjectMapping: 0.179600 ms MarkObjects: 3.498700 ms  DeleteObjects: 1.653500 ms)

========================================================================
Received Prepare
Registering precompiled user dll's ...
Registered in 0.004151 seconds.
Begin MonoManager ReloadAssembly
Native extension for WindowsStandalone target not found
Refreshing native plugins compatible for Editor in 0.97 ms, found 1 plugins.
Preloading 0 native plugins for Editor in 0.00 ms.
Mono: successfully reloaded assembly
- Completed reload, in  1.378 seconds
Platform modules already initialized, skipping
Shader 'Universal Render Pipeline/Particles/Lit': fallback shader 'Universal Render Pipeline/Particles/SimpleLit' not found
Shader 'Universal Render Pipeline/Particles/Lit': fallback shader 'Universal Render Pipeline/Particles/SimpleLit' not found
Refreshing native plugins compatible for Editor in 1.08 ms, found 1 plugins.
Preloading 0 native plugins for Editor in 0.00 ms.
Unloading 4735 Unused Serialized files (Serialized files now loaded: 0)
System memory in use before: 183.8 MB.
System memory in use after: 181.0 MB.

Unloading 47 unused Assets to reduce memory usage. Loaded Objects now: 5309.
Total: 5.839500 ms (FindLiveObjects: 0.510500 ms CreateObjectMapping: 0.175900 ms MarkObjects: 3.415000 ms  DeleteObjects: 1.736200 ms)

========================================================================
Received Prepare
Registering precompiled user dll's ...
Registered in 0.003672 seconds.
Begin MonoManager ReloadAssembly
Native extension for WindowsStandalone target not found
Refreshing native plugins compatible for Editor in 1.00 ms, found 1 plugins.
Preloading 0 native plugins for Editor in 0.00 ms.
Mono: successfully reloaded assembly
- Completed reload, in  1.401 seconds
Platform modules already initialized, skipping
Shader 'Universal Render Pipeline/Particles/Lit': fallback shader 'Universal Render Pipeline/Particles/SimpleLit' not found
Shader 'Universal Render Pipeline/Particles/Lit': fallback shader 'Universal Render Pipeline/Particles/SimpleLit' not found
Refreshing native plugins compatible for Editor in 0.99 ms, found 1 plugins.
Preloading 0 native plugins for Editor in 0.00 ms.
Unloading 4735 Unused Serialized files (Serialized files now loaded: 0)
System memory in use before: 183.9 MB.
System memory in use after: 181.2 MB.

Unloading 47 unused Assets to reduce memory usage. Loaded Objects now: 5312.
Total: 6.043600 ms (FindLiveObjects: 0.483100 ms CreateObjectMapping: 0.168100 ms MarkObjects: 3.712100 ms  DeleteObjects: 1.678600 ms)

========================================================================
Received Prepare
Registering precompiled user dll's ...
Registered in 0.003851 seconds.
Begin MonoManager ReloadAssembly
Native extension for WindowsStandalone target not found
Refreshing native plugins compatible for Editor in 1.00 ms, found 1 plugins.
Preloading 0 native plugins for Editor in 0.00 ms.
Mono: successfully reloaded assembly
- Completed reload, in  1.330 seconds
Platform modules already initialized, skipping
Shader 'Universal Render Pipeline/Particles/Lit': fallback shader 'Universal Render Pipeline/Particles/SimpleLit' not found
Shader 'Universal Render Pipeline/Particles/Lit': fallback shader 'Universal Render Pipeline/Particles/SimpleLit' not found
Refreshing native plugins compatible for Editor in 1.07 ms, found 1 plugins.
Preloading 0 native plugins for Editor in 0.00 ms.
Unloading 4735 Unused Serialized files (Serialized files now loaded: 0)
System memory in use before: 184.0 MB.
System memory in use after: 181.2 MB.

Unloading 47 unused Assets to reduce memory usage. Loaded Objects now: 5315.
Total: 5.249000 ms (FindLiveObjects: 0.507900 ms CreateObjectMapping: 0.158300 ms MarkObjects: 2.904300 ms  DeleteObjects: 1.676900 ms)

========================================================================
Received Prepare
Registering precompiled user dll's ...
Registered in 0.003842 seconds.
Begin MonoManager ReloadAssembly
Native extension for WindowsStandalone target not found
Refreshing native plugins compatible for Editor in 0.98 ms, found 1 plugins.
Preloading 0 native plugins for Editor in 0.00 ms.
Mono: successfully reloaded assembly
- Completed reload, in  1.349 seconds
Platform modules already initialized, skipping
Shader 'Universal Render Pipeline/Particles/Lit': fallback shader 'Universal Render Pipeline/Particles/SimpleLit' not found
Shader 'Universal Render Pipeline/Particles/Lit': fallback shader 'Universal Render Pipeline/Particles/SimpleLit' not found
Refreshing native plugins compatible for Editor in 0.99 ms, found 1 plugins.
Preloading 0 native plugins for Editor in 0.00 ms.
Unloading 4735 Unused Serialized files (Serialized files now loaded: 0)
System memory in use before: 184.0 MB.
System memory in use after: 181.2 MB.

Unloading 47 unused Assets to reduce memory usage. Loaded Objects now: 5318.
Total: 5.594300 ms (FindLiveObjects: 0.506400 ms CreateObjectMapping: 0.168300 ms MarkObjects: 3.281000 ms  DeleteObjects: 1.637200 ms)

========================================================================
Received Import Request.
  Time since last request: 2157.627507 seconds.
  path: Assets/Materials/Skybox_Mat.mat
  artifactKey: Guid(0ffaa0b7117ba8c47a9d05ae701d4b4d) Importer(815301076,1909f56bfc062723c751e8b465ee728b)
Start importing Assets/Materials/Skybox_Mat.mat using Guid(0ffaa0b7117ba8c47a9d05ae701d4b4d) Importer(815301076,1909f56bfc062723c751e8b465ee728b)  -> (artifact id: '1f11a61c72912e9d806aecdb78c969ef') in 0.273992 seconds 
========================================================================
Received Import Request.
  Time since last request: 3.850271 seconds.
  path: Assets/Scripts/TwinStickMovement.cs
  artifactKey: Guid(499c9e6dd32d997438e29a3ce71147b5) Importer(815301076,1909f56bfc062723c751e8b465ee728b)
Start importing Assets/Scripts/TwinStickMovement.cs using Guid(499c9e6dd32d997438e29a3ce71147b5) Importer(815301076,1909f56bfc062723c751e8b465ee728b)  -> (artifact id: 'b3dca78004ce50850e18f0676a3988f0') in 0.002219 seconds 
========================================================================
Received Prepare
Registering precompiled user dll's ...
Registered in 0.004341 seconds.
Begin MonoManager ReloadAssembly
Native extension for WindowsStandalone target not found
Refreshing native plugins compatible for Editor in 1.66 ms, found 1 plugins.
Preloading 0 native plugins for Editor in 0.00 ms.
Mono: successfully reloaded assembly
- Completed reload, in  1.395 seconds
Platform modules already initialized, skipping
Shader 'Universal Render Pipeline/Particles/Lit': fallback shader 'Universal Render Pipeline/Particles/SimpleLit' not found
Shader 'Universal Render Pipeline/Particles/Lit': fallback shader 'Universal Render Pipeline/Particles/SimpleLit' not found
Refreshing native plugins compatible for Editor in 0.99 ms, found 1 plugins.
Preloading 0 native plugins for Editor in 0.00 ms.
Unloading 4735 Unused Serialized files (Serialized files now loaded: 0)
System memory in use before: 190.3 MB.
System memory in use after: 187.6 MB.

Unloading 47 unused Assets to reduce memory usage. Loaded Objects now: 5399.
Total: 5.540400 ms (FindLiveObjects: 0.543000 ms CreateObjectMapping: 0.162000 ms MarkObjects: 3.369500 ms  DeleteObjects: 1.464300 ms)

========================================================================
Received Prepare
Registering precompiled user dll's ...
Registered in 0.004912 seconds.
Begin MonoManager ReloadAssembly
Native extension for WindowsStandalone target not found
Refreshing native plugins compatible for Editor in 0.98 ms, found 1 plugins.
Preloading 0 native plugins for Editor in 0.00 ms.
Mono: successfully reloaded assembly
- Completed reload, in  1.385 seconds
Platform modules already initialized, skipping
Shader 'Universal Render Pipeline/Particles/Lit': fallback shader 'Universal Render Pipeline/Particles/SimpleLit' not found
Shader 'Universal Render Pipeline/Particles/Lit': fallback shader 'Universal Render Pipeline/Particles/SimpleLit' not found
Refreshing native plugins compatible for Editor in 0.98 ms, found 1 plugins.
Preloading 0 native plugins for Editor in 0.00 ms.
Unloading 4735 Unused Serialized files (Serialized files now loaded: 0)
System memory in use before: 190.0 MB.
System memory in use after: 187.3 MB.

Unloading 47 unused Assets to reduce memory usage. Loaded Objects now: 5402.
Total: 5.238200 ms (FindLiveObjects: 0.506900 ms CreateObjectMapping: 0.149200 ms MarkObjects: 2.985600 ms  DeleteObjects: 1.594900 ms)

========================================================================
Received Import Request.
  Time since last request: 142.659049 seconds.
  path: Assets/Scripts/PlayerControls.inputactions
  artifactKey: Guid(3601f62aec23c7f46ae7e5df3cfa67c0) Importer(815301076,1909f56bfc062723c751e8b465ee728b)
Start importing Assets/Scripts/PlayerControls.inputactions using Guid(3601f62aec23c7f46ae7e5df3cfa67c0) Importer(815301076,1909f56bfc062723c751e8b465ee728b)  -> (artifact id: 'aabd68387f7745fdd6271ffcfdada9a4') in 0.023933 seconds 
========================================================================
Received Prepare
Registering precompiled user dll's ...
Registered in 0.004485 seconds.
Begin MonoManager ReloadAssembly
Native extension for WindowsStandalone target not found
Refreshing native plugins compatible for Editor in 0.98 ms, found 1 plugins.
Preloading 0 native plugins for Editor in 0.00 ms.
Mono: successfully reloaded assembly
- Completed reload, in  1.372 seconds
Platform modules already initialized, skipping
Shader 'Universal Render Pipeline/Particles/Lit': fallback shader 'Universal Render Pipeline/Particles/SimpleLit' not found
Shader 'Universal Render Pipeline/Particles/Lit': fallback shader 'Universal Render Pipeline/Particles/SimpleLit' not found
Refreshing native plugins compatible for Editor in 1.48 ms, found 1 plugins.
Preloading 0 native plugins for Editor in 0.00 ms.
Unloading 4735 Unused Serialized files (Serialized files now loaded: 0)
System memory in use before: 190.1 MB.
System memory in use after: 187.4 MB.

Unloading 47 unused Assets to reduce memory usage. Loaded Objects now: 5405.
Total: 5.994200 ms (FindLiveObjects: 0.539300 ms CreateObjectMapping: 0.183600 ms MarkObjects: 3.556300 ms  DeleteObjects: 1.713200 ms)

========================================================================
Received Prepare
Registering precompiled user dll's ...
Registered in 0.005183 seconds.
Begin MonoManager ReloadAssembly
Native extension for WindowsStandalone target not found
Refreshing native plugins compatible for Editor in 1.00 ms, found 1 plugins.
Preloading 0 native plugins for Editor in 0.00 ms.
Mono: successfully reloaded assembly
- Completed reload, in  1.375 seconds
Platform modules already initialized, skipping
Shader 'Universal Render Pipeline/Particles/Lit': fallback shader 'Universal Render Pipeline/Particles/SimpleLit' not found
Shader 'Universal Render Pipeline/Particles/Lit': fallback shader 'Universal Render Pipeline/Particles/SimpleLit' not found
Refreshing native plugins compatible for Editor in 1.35 ms, found 1 plugins.
Preloading 0 native plugins for Editor in 0.00 ms.
Unloading 4735 Unused Serialized files (Serialized files now loaded: 0)
System memory in use before: 190.1 MB.
System memory in use after: 187.4 MB.

Unloading 47 unused Assets to reduce memory usage. Loaded Objects now: 5408.
Total: 5.480500 ms (FindLiveObjects: 0.641400 ms CreateObjectMapping: 0.212600 ms MarkObjects: 3.025200 ms  DeleteObjects: 1.600200 ms)

========================================================================
Received Import Request.
  Time since last request: 37.676578 seconds.
  path: Assets/Scripts/PlayerControls.inputactions
  artifactKey: Guid(3601f62aec23c7f46ae7e5df3cfa67c0) Importer(815301076,1909f56bfc062723c751e8b465ee728b)
Start importing Assets/Scripts/PlayerControls.inputactions using Guid(3601f62aec23c7f46ae7e5df3cfa67c0) Importer(815301076,1909f56bfc062723c751e8b465ee728b)  -> (artifact id: '64eca49b881ea55a3c6f40cb7bc59357') in 0.025558 seconds 
========================================================================
Received Prepare
Registering precompiled user dll's ...
Registered in 0.003821 seconds.
Begin MonoManager ReloadAssembly
Native extension for WindowsStandalone target not found
Refreshing native plugins compatible for Editor in 0.98 ms, found 1 plugins.
Preloading 0 native plugins for Editor in 0.00 ms.
Mono: successfully reloaded assembly
- Completed reload, in  1.357 seconds
Platform modules already initialized, skipping
Shader 'Universal Render Pipeline/Particles/Lit': fallback shader 'Universal Render Pipeline/Particles/SimpleLit' not found
Shader 'Universal Render Pipeline/Particles/Lit': fallback shader 'Universal Render Pipeline/Particles/SimpleLit' not found
Refreshing native plugins compatible for Editor in 1.09 ms, found 1 plugins.
Preloading 0 native plugins for Editor in 0.00 ms.
Unloading 4735 Unused Serialized files (Serialized files now loaded: 0)
System memory in use before: 190.1 MB.
System memory in use after: 187.4 MB.

Unloading 47 unused Assets to reduce memory usage. Loaded Objects now: 5411.
Total: 5.932100 ms (FindLiveObjects: 0.544000 ms CreateObjectMapping: 0.166200 ms MarkObjects: 3.500100 ms  DeleteObjects: 1.720200 ms)

========================================================================
Received Import Request.
  Time since last request: 6.413031 seconds.
  path: Assets/Scripts/PlayerControls.inputactions
  artifactKey: Guid(3601f62aec23c7f46ae7e5df3cfa67c0) Importer(815301076,1909f56bfc062723c751e8b465ee728b)
Start importing Assets/Scripts/PlayerControls.inputactions using Guid(3601f62aec23c7f46ae7e5df3cfa67c0) Importer(815301076,1909f56bfc062723c751e8b465ee728b)  -> (artifact id: '60d1f374a321e46160370050c1a74259') in 0.023839 seconds 
========================================================================
Received Prepare
Registering precompiled user dll's ...
Registered in 0.003697 seconds.
Begin MonoManager ReloadAssembly
Native extension for WindowsStandalone target not found
Refreshing native plugins compatible for Editor in 1.59 ms, found 1 plugins.
Preloading 0 native plugins for Editor in 0.00 ms.
Mono: successfully reloaded assembly
- Completed reload, in  1.372 seconds
Platform modules already initialized, skipping
Shader 'Universal Render Pipeline/Particles/Lit': fallback shader 'Universal Render Pipeline/Particles/SimpleLit' not found
Shader 'Universal Render Pipeline/Particles/Lit': fallback shader 'Universal Render Pipeline/Particles/SimpleLit' not found
Refreshing native plugins compatible for Editor in 1.03 ms, found 1 plugins.
Preloading 0 native plugins for Editor in 0.00 ms.
Unloading 4735 Unused Serialized files (Serialized files now loaded: 0)
System memory in use before: 190.3 MB.
System memory in use after: 187.6 MB.

Unloading 47 unused Assets to reduce memory usage. Loaded Objects now: 5414.
Total: 5.951900 ms (FindLiveObjects: 0.673700 ms CreateObjectMapping: 0.251400 ms MarkObjects: 3.387600 ms  DeleteObjects: 1.637900 ms)

========================================================================
Received Import Request.
  Time since last request: 13.001127 seconds.
  path: Assets/Scripts/PlayerControls.inputactions
  artifactKey: Guid(3601f62aec23c7f46ae7e5df3cfa67c0) Importer(815301076,1909f56bfc062723c751e8b465ee728b)
Start importing Assets/Scripts/PlayerControls.inputactions using Guid(3601f62aec23c7f46ae7e5df3cfa67c0) Importer(815301076,1909f56bfc062723c751e8b465ee728b)  -> (artifact id: 'befd0861f4c99e47e07c8b9bbad40cc0') in 0.024071 seconds 
========================================================================
Received Prepare
Registering precompiled user dll's ...
Registered in 0.003680 seconds.
Begin MonoManager ReloadAssembly
Native extension for WindowsStandalone target not found
Refreshing native plugins compatible for Editor in 1.36 ms, found 1 plugins.
Preloading 0 native plugins for Editor in 0.00 ms.
Mono: successfully reloaded assembly
- Completed reload, in  1.371 seconds
Platform modules already initialized, skipping
Shader 'Universal Render Pipeline/Particles/Lit': fallback shader 'Universal Render Pipeline/Particles/SimpleLit' not found
Shader 'Universal Render Pipeline/Particles/Lit': fallback shader 'Universal Render Pipeline/Particles/SimpleLit' not found
Refreshing native plugins compatible for Editor in 1.02 ms, found 1 plugins.
Preloading 0 native plugins for Editor in 0.00 ms.
Unloading 4735 Unused Serialized files (Serialized files now loaded: 0)
System memory in use before: 190.2 MB.
System memory in use after: 187.4 MB.

Unloading 47 unused Assets to reduce memory usage. Loaded Objects now: 5417.
Total: 5.875700 ms (FindLiveObjects: 0.533500 ms CreateObjectMapping: 0.180300 ms MarkObjects: 3.473900 ms  DeleteObjects: 1.686500 ms)

========================================================================
Received Prepare
Registering precompiled user dll's ...
Registered in 0.003715 seconds.
Begin MonoManager ReloadAssembly
Native extension for WindowsStandalone target not found
Refreshing native plugins compatible for Editor in 0.97 ms, found 1 plugins.
Preloading 0 native plugins for Editor in 0.00 ms.
Mono: successfully reloaded assembly
- Completed reload, in  1.394 seconds
Platform modules already initialized, skipping
Shader 'Universal Render Pipeline/Particles/Lit': fallback shader 'Universal Render Pipeline/Particles/SimpleLit' not found
Shader 'Universal Render Pipeline/Particles/Lit': fallback shader 'Universal Render Pipeline/Particles/SimpleLit' not found
Refreshing native plugins compatible for Editor in 1.00 ms, found 1 plugins.
Preloading 0 native plugins for Editor in 0.00 ms.
Unloading 4735 Unused Serialized files (Serialized files now loaded: 0)
System memory in use before: 190.4 MB.
System memory in use after: 187.8 MB.

Unloading 47 unused Assets to reduce memory usage. Loaded Objects now: 5420.
Total: 5.418600 ms (FindLiveObjects: 0.547600 ms CreateObjectMapping: 0.166500 ms MarkObjects: 3.047100 ms  DeleteObjects: 1.655900 ms)

========================================================================
Received Prepare
Registering precompiled user dll's ...
Registered in 0.003816 seconds.
Begin MonoManager ReloadAssembly
Native extension for WindowsStandalone target not found
Refreshing native plugins compatible for Editor in 0.97 ms, found 1 plugins.
Preloading 0 native plugins for Editor in 0.00 ms.
Mono: successfully reloaded assembly
- Completed reload, in  1.367 seconds
Platform modules already initialized, skipping
Shader 'Universal Render Pipeline/Particles/Lit': fallback shader 'Universal Render Pipeline/Particles/SimpleLit' not found
Shader 'Universal Render Pipeline/Particles/Lit': fallback shader 'Universal Render Pipeline/Particles/SimpleLit' not found
Refreshing native plugins compatible for Editor in 0.98 ms, found 1 plugins.
Preloading 0 native plugins for Editor in 0.00 ms.
Unloading 4735 Unused Serialized files (Serialized files now loaded: 0)
System memory in use before: 190.3 MB.
System memory in use after: 187.8 MB.

Unloading 47 unused Assets to reduce memory usage. Loaded Objects now: 5423.
Total: 5.655300 ms (FindLiveObjects: 0.535700 ms CreateObjectMapping: 0.179400 ms MarkObjects: 3.335200 ms  DeleteObjects: 1.603900 ms)

========================================================================
Received Import Request.
  Time since last request: 51.481505 seconds.
  path: Assets/Scripts/PlayerControls.cs
  artifactKey: Guid(5e91a35eb0117604083ef5d1e2a6ceae) Importer(815301076,1909f56bfc062723c751e8b465ee728b)
Start importing Assets/Scripts/PlayerControls.cs using Guid(5e91a35eb0117604083ef5d1e2a6ceae) Importer(815301076,1909f56bfc062723c751e8b465ee728b)  -> (artifact id: '08d9ff19d6c28b5e962e5ff421f6d9a0') in 0.009220 seconds 
========================================================================
Received Prepare
Registering precompiled user dll's ...
Registered in 0.003757 seconds.
Begin MonoManager ReloadAssembly
Native extension for WindowsStandalone target not found
Refreshing native plugins compatible for Editor in 0.98 ms, found 1 plugins.
Preloading 0 native plugins for Editor in 0.00 ms.
Mono: successfully reloaded assembly
- Completed reload, in  1.379 seconds
Platform modules already initialized, skipping
Shader 'Universal Render Pipeline/Particles/Lit': fallback shader 'Universal Render Pipeline/Particles/SimpleLit' not found
Shader 'Universal Render Pipeline/Particles/Lit': fallback shader 'Universal Render Pipeline/Particles/SimpleLit' not found
Refreshing native plugins compatible for Editor in 0.99 ms, found 1 plugins.
Preloading 0 native plugins for Editor in 0.00 ms.
Unloading 4735 Unused Serialized files (Serialized files now loaded: 0)
System memory in use before: 190.4 MB.
System memory in use after: 187.8 MB.

Unloading 47 unused Assets to reduce memory usage. Loaded Objects now: 5426.
Total: 5.863200 ms (FindLiveObjects: 0.526900 ms CreateObjectMapping: 0.163800 ms MarkObjects: 3.554600 ms  DeleteObjects: 1.616500 ms)

========================================================================
Received Prepare
Registering precompiled user dll's ...
Registered in 0.004413 seconds.
Begin MonoManager ReloadAssembly
Native extension for WindowsStandalone target not found
Refreshing native plugins compatible for Editor in 0.97 ms, found 1 plugins.
Preloading 0 native plugins for Editor in 0.00 ms.
Mono: successfully reloaded assembly
- Completed reload, in  1.408 seconds
Platform modules already initialized, skipping
Shader 'Universal Render Pipeline/Particles/Lit': fallback shader 'Universal Render Pipeline/Particles/SimpleLit' not found
Shader 'Universal Render Pipeline/Particles/Lit': fallback shader 'Universal Render Pipeline/Particles/SimpleLit' not found
Refreshing native plugins compatible for Editor in 1.00 ms, found 1 plugins.
Preloading 0 native plugins for Editor in 0.00 ms.
Unloading 4735 Unused Serialized files (Serialized files now loaded: 0)
System memory in use before: 190.4 MB.
System memory in use after: 187.8 MB.

Unloading 47 unused Assets to reduce memory usage. Loaded Objects now: 5429.
Total: 5.707200 ms (FindLiveObjects: 0.544900 ms CreateObjectMapping: 0.192900 ms MarkObjects: 3.337100 ms  DeleteObjects: 1.630800 ms)

========================================================================
Received Prepare
Registering precompiled user dll's ...
Registered in 0.003684 seconds.
Begin MonoManager ReloadAssembly
Native extension for WindowsStandalone target not found
Refreshing native plugins compatible for Editor in 0.99 ms, found 1 plugins.
Preloading 0 native plugins for Editor in 0.00 ms.
Mono: successfully reloaded assembly
- Completed reload, in  1.390 seconds
Platform modules already initialized, skipping
Shader 'Universal Render Pipeline/Particles/Lit': fallback shader 'Universal Render Pipeline/Particles/SimpleLit' not found
Shader 'Universal Render Pipeline/Particles/Lit': fallback shader 'Universal Render Pipeline/Particles/SimpleLit' not found
Refreshing native plugins compatible for Editor in 1.04 ms, found 1 plugins.
Preloading 0 native plugins for Editor in 0.00 ms.
Unloading 4735 Unused Serialized files (Serialized files now loaded: 0)
System memory in use before: 190.2 MB.
System memory in use after: 187.7 MB.

Unloading 47 unused Assets to reduce memory usage. Loaded Objects now: 5432.
Total: 5.577600 ms (FindLiveObjects: 0.565600 ms CreateObjectMapping: 0.163200 ms MarkObjects: 3.144300 ms  DeleteObjects: 1.703100 ms)

========================================================================
Received Prepare
Registering precompiled user dll's ...
Registered in 0.003781 seconds.
Begin MonoManager ReloadAssembly
Native extension for WindowsStandalone target not found
Refreshing native plugins compatible for Editor in 0.97 ms, found 1 plugins.
Preloading 0 native plugins for Editor in 0.00 ms.
Mono: successfully reloaded assembly
- Completed reload, in  1.363 seconds
Platform modules already initialized, skipping
Shader 'Universal Render Pipeline/Particles/Lit': fallback shader 'Universal Render Pipeline/Particles/SimpleLit' not found
Shader 'Universal Render Pipeline/Particles/Lit': fallback shader 'Universal Render Pipeline/Particles/SimpleLit' not found
Refreshing native plugins compatible for Editor in 1.03 ms, found 1 plugins.
Preloading 0 native plugins for Editor in 0.00 ms.
Unloading 4735 Unused Serialized files (Serialized files now loaded: 0)
System memory in use before: 190.4 MB.
System memory in use after: 187.9 MB.

Unloading 47 unused Assets to reduce memory usage. Loaded Objects now: 5435.
Total: 5.870400 ms (FindLiveObjects: 0.540500 ms CreateObjectMapping: 0.172900 ms MarkObjects: 3.463200 ms  DeleteObjects: 1.692200 ms)

========================================================================
Received Prepare
Registering precompiled user dll's ...
Registered in 0.003734 seconds.
Begin MonoManager ReloadAssembly
Native extension for WindowsStandalone target not found
Refreshing native plugins compatible for Editor in 0.99 ms, found 1 plugins.
Preloading 0 native plugins for Editor in 0.00 ms.
Mono: successfully reloaded assembly
- Completed reload, in  1.415 seconds
Platform modules already initialized, skipping
Shader 'Universal Render Pipeline/Particles/Lit': fallback shader 'Universal Render Pipeline/Particles/SimpleLit' not found
Shader 'Universal Render Pipeline/Particles/Lit': fallback shader 'Universal Render Pipeline/Particles/SimpleLit' not found
Refreshing native plugins compatible for Editor in 1.08 ms, found 1 plugins.
Preloading 0 native plugins for Editor in 0.00 ms.
Unloading 4735 Unused Serialized files (Serialized files now loaded: 0)
System memory in use before: 190.5 MB.
System memory in use after: 187.9 MB.

Unloading 47 unused Assets to reduce memory usage. Loaded Objects now: 5438.
Total: 6.339900 ms (FindLiveObjects: 0.814800 ms CreateObjectMapping: 0.318400 ms MarkObjects: 3.508900 ms  DeleteObjects: 1.695200 ms)

========================================================================
Received Import Request.
  Time since last request: 3582.356288 seconds.
  path: Assets/Art/Characters/Shaz
  artifactKey: Guid(6b4d69e6688e726449833aed44497a2d) Importer(815301076,1909f56bfc062723c751e8b465ee728b)
Start importing Assets/Art/Characters/Shaz using Guid(6b4d69e6688e726449833aed44497a2d) Importer(815301076,1909f56bfc062723c751e8b465ee728b)  -> (artifact id: 'd5500b77c1027c8dccf95b076ea6c47e') in 0.014568 seconds 
========================================================================
Received Import Request.
  Time since last request: 20.698519 seconds.
  path: Assets/Art/Characters/Shaz/Shaz.obj
  artifactKey: Guid(377219997f5df36478cfff57747cfe88) Importer(815301076,1909f56bfc062723c751e8b465ee728b)
Start importing Assets/Art/Characters/Shaz/Shaz.obj using Guid(377219997f5df36478cfff57747cfe88) Importer(815301076,1909f56bfc062723c751e8b465ee728b)  -> (artifact id: '4faf41c6c6e92a6dfa54feacd886e100') in 0.312601 seconds 
========================================================================
Received Import Request.
  Time since last request: 9.222820 seconds.
  path: Assets/Art/Characters/Shaz/Shaz.obj
  artifactKey: Guid(377219997f5df36478cfff57747cfe88) Importer(815301076,1909f56bfc062723c751e8b465ee728b)
Start importing Assets/Art/Characters/Shaz/Shaz.obj using Guid(377219997f5df36478cfff57747cfe88) Importer(815301076,1909f56bfc062723c751e8b465ee728b)  -> (artifact id: '86cb29eca58a6c50b508322011729d5a') in 0.053678 seconds 
========================================================================
Received Import Request.
  Time since last request: 3.472342 seconds.
  path: Assets/Art/Characters/Shaz/Shaz.obj
  artifactKey: Guid(377219997f5df36478cfff57747cfe88) Importer(815301076,1909f56bfc062723c751e8b465ee728b)
Start importing Assets/Art/Characters/Shaz/Shaz.obj using Guid(377219997f5df36478cfff57747cfe88) Importer(815301076,1909f56bfc062723c751e8b465ee728b)  -> (artifact id: 'bec946dd8672ce7fac09ebd73485f7f0') in 0.057140 seconds 
========================================================================
Received Import Request.
  Time since last request: 72.926812 seconds.
  path: Assets/Art/Characters/Shaz/Materials
  artifactKey: Guid(8d5709716a69ec84e98712075d48b557) Importer(815301076,1909f56bfc062723c751e8b465ee728b)
Start importing Assets/Art/Characters/Shaz/Materials using Guid(8d5709716a69ec84e98712075d48b557) Importer(815301076,1909f56bfc062723c751e8b465ee728b)  -> (artifact id: '4da9ed58e5d9b769096b69ceeb423e16') in 0.007003 seconds 
========================================================================
Received Import Request.
  Time since last request: 4.213430 seconds.
  path: Assets/Art/Characters/Shaz/Shaz.mtl
  artifactKey: Guid(53f32771d6b12fe41a68549496812596) Importer(815301076,1909f56bfc062723c751e8b465ee728b)
Start importing Assets/Art/Characters/Shaz/Shaz.mtl using Guid(53f32771d6b12fe41a68549496812596) Importer(815301076,1909f56bfc062723c751e8b465ee728b)  -> (artifact id: '581a6312303e4489aa0dab9e6dd0759f') in 0.008213 seconds 
========================================================================
Received Prepare
Registering precompiled user dll's ...
Registered in 0.003798 seconds.
Begin MonoManager ReloadAssembly
Native extension for WindowsStandalone target not found
Refreshing native plugins compatible for Editor in 1.00 ms, found 1 plugins.
Preloading 0 native plugins for Editor in 0.00 ms.
Mono: successfully reloaded assembly
- Completed reload, in  1.364 seconds
Platform modules already initialized, skipping
Shader 'Universal Render Pipeline/Particles/Lit': fallback shader 'Universal Render Pipeline/Particles/SimpleLit' not found
Shader 'Universal Render Pipeline/Particles/Lit': fallback shader 'Universal Render Pipeline/Particles/SimpleLit' not found
Refreshing native plugins compatible for Editor in 1.01 ms, found 1 plugins.
Preloading 0 native plugins for Editor in 0.00 ms.
Unloading 4735 Unused Serialized files (Serialized files now loaded: 0)
System memory in use before: 190.9 MB.
System memory in use after: 188.3 MB.

Unloading 47 unused Assets to reduce memory usage. Loaded Objects now: 5480.
Total: 5.804600 ms (FindLiveObjects: 0.529100 ms CreateObjectMapping: 0.194200 ms MarkObjects: 3.447900 ms  DeleteObjects: 1.631600 ms)

========================================================================
Received Import Request.
  Time since last request: 465.143865 seconds.
  path: Assets/Art/Characters/Shaz/BOP.prefab
  artifactKey: Guid(e18e37e11f92d6049a290987d06ca816) Importer(815301076,1909f56bfc062723c751e8b465ee728b)
Start importing Assets/Art/Characters/Shaz/BOP.prefab using Guid(e18e37e11f92d6049a290987d06ca816) Importer(815301076,1909f56bfc062723c751e8b465ee728b)  -> (artifact id: 'f830a46054cd959b76f86dc71be2434b') in 0.237199 seconds 
========================================================================
Received Prepare
Registering precompiled user dll's ...
Registered in 0.003717 seconds.
Begin MonoManager ReloadAssembly
Native extension for WindowsStandalone target not found
Refreshing native plugins compatible for Editor in 0.98 ms, found 1 plugins.
Preloading 0 native plugins for Editor in 0.00 ms.
Mono: successfully reloaded assembly
- Completed reload, in  1.371 seconds
Platform modules already initialized, skipping
Shader 'Universal Render Pipeline/Particles/Lit': fallback shader 'Universal Render Pipeline/Particles/SimpleLit' not found
Shader 'Universal Render Pipeline/Particles/Lit': fallback shader 'Universal Render Pipeline/Particles/SimpleLit' not found
Refreshing native plugins compatible for Editor in 0.97 ms, found 1 plugins.
Preloading 0 native plugins for Editor in 0.00 ms.
Unloading 4735 Unused Serialized files (Serialized files now loaded: 0)
System memory in use before: 190.9 MB.
System memory in use after: 188.4 MB.

Unloading 47 unused Assets to reduce memory usage. Loaded Objects now: 5522.
Total: 5.928900 ms (FindLiveObjects: 0.557500 ms CreateObjectMapping: 0.169500 ms MarkObjects: 3.572900 ms  DeleteObjects: 1.626900 ms)

AssetImportWorkerClient::OnTransportError - code=2 error=End of file
