Using pre-set license
Built from '2021.1/staging' branch; Version is '2021.1.3f1 (4bef613afd59) revision 4976481'; Using compiler version '192528614'; Build Type 'Release'
OS: 'Windows 10 Home; OS build 19044.1706; Version 2009; 64bit' Language: 'en' Physical Memory: 32719 MB
BatchMode: 1, IsHumanControllingUs: 0, StartBugReporterOnCrash: 0, Is64bit: 1, IsPro: 0

 COMMAND LINE ARGUMENTS:
W:\Unity\2021.1.3f1\Editor\Unity.exe
-adb2
-batchMode
-noUpm
-name
AssetImportWorker0
-projectPath
W:/Unity/Projects/TwinStick/Twin Stick
-logFile
Logs/AssetImportWorker0.log
-srvPort
49904
Successfully changed project path to: W:/Unity/Projects/TwinStick/Twin Stick
W:/Unity/Projects/TwinStick/Twin Stick
Using Asset Import Pipeline V2.
Refreshing native plugins compatible for Editor in 155.29 ms, found 1 plugins.
Preloading 0 native plugins for Editor in 0.00 ms.
Initialize engine version: 2021.1.3f1 (4bef613afd59)
[Subsystems] Discovering subsystems at path W:/Unity/2021.1.3f1/Editor/Data/Resources/UnitySubsystems
[Subsystems] Discovering subsystems at path W:/Unity/Projects/TwinStick/Twin Stick/Assets
GfxDevice: creating device client; threaded=0; jobified=0
Direct3D:
    Version:  Direct3D 11.0 [level 11.1]
    Renderer: NVIDIA GeForce GTX 1070 (ID=0x1b81)
    Vendor:   NVIDIA
    VRAM:     8088 MB
    Driver:   30.0.15.1123
Initialize mono
Mono path[0] = 'W:/Unity/2021.1.3f1/Editor/Data/Managed'
Mono path[1] = 'W:/Unity/2021.1.3f1/Editor/Data/MonoBleedingEdge/lib/mono/unityjit'
Mono config path = 'W:/Unity/2021.1.3f1/Editor/Data/MonoBleedingEdge/etc'
Using monoOptions --debugger-agent=transport=dt_socket,embedding=1,server=y,suspend=n,address=127.0.0.1:56948
Begin MonoManager ReloadAssembly
Registering precompiled unity dll's ...
Register platform support module: W:/Unity/2021.1.3f1/Editor/Data/PlaybackEngines/WindowsStandaloneSupport/UnityEditor.WindowsStandalone.Extensions.dll
Registered in 0.001513 seconds.
Native extension for WindowsStandalone target not found
Refreshing native plugins compatible for Editor in 158.92 ms, found 1 plugins.
Preloading 0 native plugins for Editor in 0.00 ms.
Mono: successfully reloaded assembly
- Completed reload, in  1.557 seconds
Platform modules already initialized, skipping
Registering precompiled user dll's ...
Registered in 0.004208 seconds.
Begin MonoManager ReloadAssembly
Native extension for WindowsStandalone target not found
Refreshing native plugins compatible for Editor in 158.34 ms, found 1 plugins.
Preloading 0 native plugins for Editor in 0.00 ms.
Mono: successfully reloaded assembly
- Completed reload, in  1.667 seconds
Platform modules already initialized, skipping
========================================================================
Worker process is ready to serve import requests
Shader 'Universal Render Pipeline/Particles/Lit': fallback shader 'Universal Render Pipeline/Particles/SimpleLit' not found
Shader 'Universal Render Pipeline/Particles/Lit': fallback shader 'Universal Render Pipeline/Particles/SimpleLit' not found
Launched and connected shader compiler UnityShaderCompiler.exe after 0.05 seconds
Refreshing native plugins compatible for Editor in 1.05 ms, found 1 plugins.
Preloading 0 native plugins for Editor in 0.00 ms.
Unloading 4829 Unused Serialized files (Serialized files now loaded: 0)
System memory in use before: 188.9 MB.
System memory in use after: 186.2 MB.

Unloading 54 unused Assets to reduce memory usage. Loaded Objects now: 5249.
Total: 5.058700 ms (FindLiveObjects: 0.471900 ms CreateObjectMapping: 0.147900 ms MarkObjects: 2.989500 ms  DeleteObjects: 1.448000 ms)

========================================================================
Received Import Request.
  path: Assets/Scripts/TwinStickMovement.cs
  artifactKey: Guid(499c9e6dd32d997438e29a3ce71147b5) Importer(815301076,1909f56bfc062723c751e8b465ee728b)
Start importing Assets/Scripts/TwinStickMovement.cs using Guid(499c9e6dd32d997438e29a3ce71147b5) Importer(815301076,1909f56bfc062723c751e8b465ee728b)  -> (artifact id: '9bd1e306d48c0648dd7356c4f6ed98e2') in 0.059674 seconds 
========================================================================
Received Prepare
Registering precompiled user dll's ...
Registered in 0.003748 seconds.
Begin MonoManager ReloadAssembly
Native extension for WindowsStandalone target not found
Refreshing native plugins compatible for Editor in 1.05 ms, found 1 plugins.
Preloading 0 native plugins for Editor in 0.00 ms.
Mono: successfully reloaded assembly
- Completed reload, in  1.361 seconds
Platform modules already initialized, skipping
Shader 'Universal Render Pipeline/Particles/Lit': fallback shader 'Universal Render Pipeline/Particles/SimpleLit' not found
Shader 'Universal Render Pipeline/Particles/Lit': fallback shader 'Universal Render Pipeline/Particles/SimpleLit' not found
Refreshing native plugins compatible for Editor in 1.05 ms, found 1 plugins.
Preloading 0 native plugins for Editor in 0.00 ms.
Unloading 4735 Unused Serialized files (Serialized files now loaded: 0)
System memory in use before: 183.7 MB.
System memory in use after: 181.0 MB.

Unloading 47 unused Assets to reduce memory usage. Loaded Objects now: 5252.
Total: 5.627800 ms (FindLiveObjects: 0.480000 ms CreateObjectMapping: 0.151900 ms MarkObjects: 3.493100 ms  DeleteObjects: 1.501200 ms)

========================================================================
Received Import Request.
  Time since last request: 228.930584 seconds.
  path: Assets/Scripts/TwinStickMovement.cs
  artifactKey: Guid(499c9e6dd32d997438e29a3ce71147b5) Importer(815301076,1909f56bfc062723c751e8b465ee728b)
Start importing Assets/Scripts/TwinStickMovement.cs using Guid(499c9e6dd32d997438e29a3ce71147b5) Importer(815301076,1909f56bfc062723c751e8b465ee728b)  -> (artifact id: 'ba9f84053f06e15e60edace382cbaddb') in 0.009566 seconds 
========================================================================
Received Prepare
Registering precompiled user dll's ...
Registered in 0.004053 seconds.
Begin MonoManager ReloadAssembly
Native extension for WindowsStandalone target not found
Refreshing native plugins compatible for Editor in 1.04 ms, found 1 plugins.
Preloading 0 native plugins for Editor in 0.00 ms.
Mono: successfully reloaded assembly
- Completed reload, in  1.354 seconds
Platform modules already initialized, skipping
Shader 'Universal Render Pipeline/Particles/Lit': fallback shader 'Universal Render Pipeline/Particles/SimpleLit' not found
Shader 'Universal Render Pipeline/Particles/Lit': fallback shader 'Universal Render Pipeline/Particles/SimpleLit' not found
Refreshing native plugins compatible for Editor in 1.04 ms, found 1 plugins.
Preloading 0 native plugins for Editor in 0.00 ms.
Unloading 4735 Unused Serialized files (Serialized files now loaded: 0)
System memory in use before: 183.8 MB.
System memory in use after: 181.1 MB.

Unloading 47 unused Assets to reduce memory usage. Loaded Objects now: 5255.
Total: 5.882300 ms (FindLiveObjects: 0.558300 ms CreateObjectMapping: 0.211300 ms MarkObjects: 3.561800 ms  DeleteObjects: 1.549000 ms)

========================================================================
Received Prepare
Registering precompiled user dll's ...
Registered in 0.003832 seconds.
Begin MonoManager ReloadAssembly
Native extension for WindowsStandalone target not found
Refreshing native plugins compatible for Editor in 1.06 ms, found 1 plugins.
Preloading 0 native plugins for Editor in 0.00 ms.
Mono: successfully reloaded assembly
- Completed reload, in  1.361 seconds
Platform modules already initialized, skipping
Shader 'Universal Render Pipeline/Particles/Lit': fallback shader 'Universal Render Pipeline/Particles/SimpleLit' not found
Shader 'Universal Render Pipeline/Particles/Lit': fallback shader 'Universal Render Pipeline/Particles/SimpleLit' not found
Refreshing native plugins compatible for Editor in 1.07 ms, found 1 plugins.
Preloading 0 native plugins for Editor in 0.00 ms.
Unloading 4735 Unused Serialized files (Serialized files now loaded: 0)
System memory in use before: 184.0 MB.
System memory in use after: 181.2 MB.

Unloading 47 unused Assets to reduce memory usage. Loaded Objects now: 5258.
Total: 5.592300 ms (FindLiveObjects: 0.524300 ms CreateObjectMapping: 0.170100 ms MarkObjects: 3.292500 ms  DeleteObjects: 1.603500 ms)

========================================================================
Received Prepare
Registering precompiled user dll's ...
Registered in 0.003798 seconds.
Begin MonoManager ReloadAssembly
Native extension for WindowsStandalone target not found
Refreshing native plugins compatible for Editor in 1.03 ms, found 1 plugins.
Preloading 0 native plugins for Editor in 0.00 ms.
Mono: successfully reloaded assembly
- Completed reload, in  1.340 seconds
Platform modules already initialized, skipping
Shader 'Universal Render Pipeline/Particles/Lit': fallback shader 'Universal Render Pipeline/Particles/SimpleLit' not found
Shader 'Universal Render Pipeline/Particles/Lit': fallback shader 'Universal Render Pipeline/Particles/SimpleLit' not found
Refreshing native plugins compatible for Editor in 1.51 ms, found 1 plugins.
Preloading 0 native plugins for Editor in 0.00 ms.
Unloading 4735 Unused Serialized files (Serialized files now loaded: 0)
System memory in use before: 183.9 MB.
System memory in use after: 181.2 MB.

Unloading 47 unused Assets to reduce memory usage. Loaded Objects now: 5261.
Total: 5.831900 ms (FindLiveObjects: 0.484200 ms CreateObjectMapping: 0.160700 ms MarkObjects: 3.535300 ms  DeleteObjects: 1.649800 ms)

========================================================================
Received Prepare
Registering precompiled user dll's ...
Registered in 0.003741 seconds.
Begin MonoManager ReloadAssembly
Native extension for WindowsStandalone target not found
Refreshing native plugins compatible for Editor in 1.06 ms, found 1 plugins.
Preloading 0 native plugins for Editor in 0.00 ms.
Mono: successfully reloaded assembly
- Completed reload, in  1.356 seconds
Platform modules already initialized, skipping
Shader 'Universal Render Pipeline/Particles/Lit': fallback shader 'Universal Render Pipeline/Particles/SimpleLit' not found
Shader 'Universal Render Pipeline/Particles/Lit': fallback shader 'Universal Render Pipeline/Particles/SimpleLit' not found
Refreshing native plugins compatible for Editor in 1.06 ms, found 1 plugins.
Preloading 0 native plugins for Editor in 0.00 ms.
Unloading 4735 Unused Serialized files (Serialized files now loaded: 0)
System memory in use before: 183.7 MB.
System memory in use after: 181.0 MB.

Unloading 47 unused Assets to reduce memory usage. Loaded Objects now: 5264.
Total: 5.740300 ms (FindLiveObjects: 0.609700 ms CreateObjectMapping: 0.225900 ms MarkObjects: 3.145500 ms  DeleteObjects: 1.757700 ms)

========================================================================
Received Import Request.
  Time since last request: 8917.179277 seconds.
  path: Assets/Art/Characters/Shaz/Prefab
  artifactKey: Guid(6e2cf51183327a94f9509025f7462dbf) Importer(815301076,1909f56bfc062723c751e8b465ee728b)
Start importing Assets/Art/Characters/Shaz/Prefab using Guid(6e2cf51183327a94f9509025f7462dbf) Importer(815301076,1909f56bfc062723c751e8b465ee728b)  -> (artifact id: '1f985c2036edfba6b00b4fa19b21a328') in 0.015401 seconds 
========================================================================
Received Import Request.
  Time since last request: 19.428843 seconds.
  path: Assets/Art/Characters/Shaz/Shaz.psd
  artifactKey: Guid(32ea16ed3e371d74ab5a8babef9abc3f) Importer(815301076,1909f56bfc062723c751e8b465ee728b)
Start importing Assets/Art/Characters/Shaz/Shaz.psd using Guid(32ea16ed3e371d74ab5a8babef9abc3f) Importer(815301076,1909f56bfc062723c751e8b465ee728b)  -> (artifact id: '2cda1be28a838b332fbf8022807482a6') in 0.073585 seconds 
========================================================================
Received Import Request.
  Time since last request: 5.699437 seconds.
  path: Assets/Art/Characters/Shaz/Model
  artifactKey: Guid(6b726136379172e449d62ac036c50146) Importer(815301076,1909f56bfc062723c751e8b465ee728b)
Start importing Assets/Art/Characters/Shaz/Model using Guid(6b726136379172e449d62ac036c50146) Importer(815301076,1909f56bfc062723c751e8b465ee728b)  -> (artifact id: '212f12d80033e18ef95c9d52ab4283b1') in 0.008757 seconds 
========================================================================
Received Import Request.
  Time since last request: 34.385767 seconds.
  path: Assets/Art/Characters/Maya
  artifactKey: Guid(26bcaad5221cc5e4395b8d861b6b7e1e) Importer(815301076,1909f56bfc062723c751e8b465ee728b)
Start importing Assets/Art/Characters/Maya using Guid(26bcaad5221cc5e4395b8d861b6b7e1e) Importer(815301076,1909f56bfc062723c751e8b465ee728b)  -> (artifact id: '76023f912cd6f64b713ddf9e0240a349') in 0.009678 seconds 
========================================================================
Received Import Request.
  Time since last request: 7.442126 seconds.
  path: Assets/Art/Characters/Shaz/Maya/ShazCharacters.ma
  artifactKey: Guid(c09aca4704290cb40855a6c7a6d8e59c) Importer(815301076,1909f56bfc062723c751e8b465ee728b)
Start importing Assets/Art/Characters/Shaz/Maya/ShazCharacters.ma using Guid(c09aca4704290cb40855a6c7a6d8e59c) Importer(815301076,1909f56bfc062723c751e8b465ee728b)  -> (artifact id: 'f87ae424d820b55986160fdf761478fb') in 0.343678 seconds 
========================================================================
Received Import Request.
  Time since last request: 16.408731 seconds.
  path: Assets/Art/Characters/Prefab/Shaz.prefab
  artifactKey: Guid(e18e37e11f92d6049a290987d06ca816) Importer(815301076,1909f56bfc062723c751e8b465ee728b)
Start importing Assets/Art/Characters/Prefab/Shaz.prefab using Guid(e18e37e11f92d6049a290987d06ca816) Importer(815301076,1909f56bfc062723c751e8b465ee728b)  -> (artifact id: '8f0a6d89e40d5ebe0d30786e9eb97476') in 0.042597 seconds 
========================================================================
Received Import Request.
  Time since last request: 45.063187 seconds.
  path: Assets/Art/Characters/Prefab/BOP.prefab
  artifactKey: Guid(bc179d49fbef13f4485becb8d07874c2) Importer(815301076,1909f56bfc062723c751e8b465ee728b)
Start importing Assets/Art/Characters/Prefab/BOP.prefab using Guid(bc179d49fbef13f4485becb8d07874c2) Importer(815301076,1909f56bfc062723c751e8b465ee728b)  -> (artifact id: 'a06605c88162d0e7e220470bc7699b9b') in 0.018160 seconds 
========================================================================
Received Prepare
Registering precompiled user dll's ...
Registered in 0.004165 seconds.
Begin MonoManager ReloadAssembly
Native extension for WindowsStandalone target not found
Refreshing native plugins compatible for Editor in 1.04 ms, found 1 plugins.
Preloading 0 native plugins for Editor in 0.00 ms.
Mono: successfully reloaded assembly
- Completed reload, in  1.398 seconds
Platform modules already initialized, skipping
Shader 'Universal Render Pipeline/Particles/Lit': fallback shader 'Universal Render Pipeline/Particles/SimpleLit' not found
Shader 'Universal Render Pipeline/Particles/Lit': fallback shader 'Universal Render Pipeline/Particles/SimpleLit' not found
Refreshing native plugins compatible for Editor in 1.05 ms, found 1 plugins.
Preloading 0 native plugins for Editor in 0.00 ms.
Unloading 4736 Unused Serialized files (Serialized files now loaded: 0)
System memory in use before: 192.3 MB.
System memory in use after: 189.5 MB.

Unloading 47 unused Assets to reduce memory usage. Loaded Objects now: 5368.
Total: 4.930500 ms (FindLiveObjects: 0.490900 ms CreateObjectMapping: 0.152500 ms MarkObjects: 2.814700 ms  DeleteObjects: 1.470900 ms)

========================================================================
Received Import Request.
  Time since last request: 383.400427 seconds.
  path: Assets/Scripts/EnemyController.cs
  artifactKey: Guid(da29c210affe3f54382104abd6722455) Importer(815301076,1909f56bfc062723c751e8b465ee728b)
Start importing Assets/Scripts/EnemyController.cs using Guid(da29c210affe3f54382104abd6722455) Importer(815301076,1909f56bfc062723c751e8b465ee728b)  -> (artifact id: 'fdda8e6eb07f9782349189f474e6067a') in 0.016166 seconds 
========================================================================
Received Prepare
Registering precompiled user dll's ...
Registered in 0.003941 seconds.
Begin MonoManager ReloadAssembly
Native extension for WindowsStandalone target not found
Refreshing native plugins compatible for Editor in 1.18 ms, found 1 plugins.
Preloading 0 native plugins for Editor in 0.00 ms.
Mono: successfully reloaded assembly
- Completed reload, in  1.365 seconds
Platform modules already initialized, skipping
Shader 'Universal Render Pipeline/Particles/Lit': fallback shader 'Universal Render Pipeline/Particles/SimpleLit' not found
Shader 'Universal Render Pipeline/Particles/Lit': fallback shader 'Universal Render Pipeline/Particles/SimpleLit' not found
Refreshing native plugins compatible for Editor in 1.04 ms, found 1 plugins.
Preloading 0 native plugins for Editor in 0.00 ms.
Unloading 4736 Unused Serialized files (Serialized files now loaded: 0)
System memory in use before: 192.2 MB.
System memory in use after: 189.4 MB.

Unloading 47 unused Assets to reduce memory usage. Loaded Objects now: 5372.
Total: 5.813700 ms (FindLiveObjects: 0.521600 ms CreateObjectMapping: 0.159100 ms MarkObjects: 3.496100 ms  DeleteObjects: 1.635300 ms)

========================================================================
Received Import Request.
  Time since last request: 27.913591 seconds.
  path: Assets/Art/Characters/Prefab/BOP.prefab
  artifactKey: Guid(bc179d49fbef13f4485becb8d07874c2) Importer(815301076,1909f56bfc062723c751e8b465ee728b)
Start importing Assets/Art/Characters/Prefab/BOP.prefab using Guid(bc179d49fbef13f4485becb8d07874c2) Importer(815301076,1909f56bfc062723c751e8b465ee728b)  -> (artifact id: '28bee281c090a031d2bfd204fd3e96fe') in 0.209487 seconds 
========================================================================
Received Import Request.
  Time since last request: 16.864421 seconds.
  path: Assets/Art/Characters/Prefab/BOP.prefab
  artifactKey: Guid(bc179d49fbef13f4485becb8d07874c2) Importer(815301076,1909f56bfc062723c751e8b465ee728b)
Start importing Assets/Art/Characters/Prefab/BOP.prefab using Guid(bc179d49fbef13f4485becb8d07874c2) Importer(815301076,1909f56bfc062723c751e8b465ee728b)  -> (artifact id: '86d47d5eae3c80e95f109c9255f46c98') in 0.012211 seconds 
========================================================================
Received Import Request.
  Time since last request: 653.718085 seconds.
  path: Assets/Scripts/EnemyController.cs
  artifactKey: Guid(da29c210affe3f54382104abd6722455) Importer(815301076,1909f56bfc062723c751e8b465ee728b)
Start importing Assets/Scripts/EnemyController.cs using Guid(da29c210affe3f54382104abd6722455) Importer(815301076,1909f56bfc062723c751e8b465ee728b)  -> (artifact id: 'c661106371ec10e44325659c66e0980b') in 0.003132 seconds 
========================================================================
Received Import Request.
  Time since last request: 437.206813 seconds.
  path: Assets/Art/Characters/Shaz/Model/Shaz.obj
  artifactKey: Guid(377219997f5df36478cfff57747cfe88) Importer(815301076,1909f56bfc062723c751e8b465ee728b)
Start importing Assets/Art/Characters/Shaz/Model/Shaz.obj using Guid(377219997f5df36478cfff57747cfe88) Importer(815301076,1909f56bfc062723c751e8b465ee728b)  -> (artifact id: '727ca73982add2d732d17cdf85006886') in 0.085313 seconds 
========================================================================
Received Import Request.
  Time since last request: 63.173416 seconds.
  path: Assets/Art/Characters/Shaz/Model/Shaz.obj
  artifactKey: Guid(377219997f5df36478cfff57747cfe88) Importer(815301076,1909f56bfc062723c751e8b465ee728b)
Start importing Assets/Art/Characters/Shaz/Model/Shaz.obj using Guid(377219997f5df36478cfff57747cfe88) Importer(815301076,1909f56bfc062723c751e8b465ee728b)  -> (artifact id: '5fc64804d3c573a2cdab3c531b1a8418') in 0.061667 seconds 
========================================================================
Received Import Request.
  Time since last request: 0.499559 seconds.
  path: Assets/Settings/FBXImporter.preset
  artifactKey: Guid(d2c06e2a9e54a2f4dbfffbd06770b826) Importer(815301076,1909f56bfc062723c751e8b465ee728b)
Start importing Assets/Settings/FBXImporter.preset using Guid(d2c06e2a9e54a2f4dbfffbd06770b826) Importer(815301076,1909f56bfc062723c751e8b465ee728b)  -> (artifact id: '8ca4b1b833ef43e0eb0299688a8c0873') in 0.012999 seconds 
========================================================================
Received Import Request.
  Time since last request: 30.723775 seconds.
  path: Assets/Art/Characters/Shaz/Model/armpur test.fbx
  artifactKey: Guid(a52a09fe7b2b2c54f9365e62ff6d58e4) Importer(815301076,1909f56bfc062723c751e8b465ee728b)
Start importing Assets/Art/Characters/Shaz/Model/armpur test.fbx using Guid(a52a09fe7b2b2c54f9365e62ff6d58e4) Importer(815301076,1909f56bfc062723c751e8b465ee728b)  -> (artifact id: '2d66cbad55ca0e6f3f96b292a8df8242') in 0.106692 seconds 
========================================================================
Received Import Request.
  Time since last request: 8.892710 seconds.
  path: Assets/Art/Characters/Shaz/Model/armpur test.fbx
  artifactKey: Guid(a52a09fe7b2b2c54f9365e62ff6d58e4) Importer(815301076,1909f56bfc062723c751e8b465ee728b)
Start importing Assets/Art/Characters/Shaz/Model/armpur test.fbx using Guid(a52a09fe7b2b2c54f9365e62ff6d58e4) Importer(815301076,1909f56bfc062723c751e8b465ee728b)  -> (artifact id: 'c2fcaf180e9f8cdf6e57ddd427f6a5e0') in 0.034023 seconds 
========================================================================
Received Import Request.
  Time since last request: 175.063385 seconds.
  path: Assets/Art/Characters/Shaz/Model/ElonTest.fbx
  artifactKey: Guid(3d41d126f09014942870672068171d21) Importer(815301076,1909f56bfc062723c751e8b465ee728b)
Start importing Assets/Art/Characters/Shaz/Model/ElonTest.fbx using Guid(3d41d126f09014942870672068171d21) Importer(815301076,1909f56bfc062723c751e8b465ee728b)  -> (artifact id: '1c03bc684da864fee2e928c0acfc21a5') in 0.043287 seconds 
========================================================================
Received Import Request.
  Time since last request: 390.900914 seconds.
  path: Assets/Scripts/EnemyController.cs
  artifactKey: Guid(da29c210affe3f54382104abd6722455) Importer(815301076,1909f56bfc062723c751e8b465ee728b)
Start importing Assets/Scripts/EnemyController.cs using Guid(da29c210affe3f54382104abd6722455) Importer(815301076,1909f56bfc062723c751e8b465ee728b)  -> (artifact id: 'ab3df4c4441ae7c362c690a2750c4837') in 0.003355 seconds 
========================================================================
Received Prepare
Registering precompiled user dll's ...
Registered in 0.004392 seconds.
Begin MonoManager ReloadAssembly
Native extension for WindowsStandalone target not found
Refreshing native plugins compatible for Editor in 1.04 ms, found 1 plugins.
Preloading 0 native plugins for Editor in 0.00 ms.
Mono: successfully reloaded assembly
- Completed reload, in  1.362 seconds
Platform modules already initialized, skipping
Shader 'Universal Render Pipeline/Particles/Lit': fallback shader 'Universal Render Pipeline/Particles/SimpleLit' not found
Shader 'Universal Render Pipeline/Particles/Lit': fallback shader 'Universal Render Pipeline/Particles/SimpleLit' not found
Refreshing native plugins compatible for Editor in 1.05 ms, found 1 plugins.
Preloading 0 native plugins for Editor in 0.00 ms.
Unloading 4736 Unused Serialized files (Serialized files now loaded: 0)
System memory in use before: 192.6 MB.
System memory in use after: 189.8 MB.

Unloading 47 unused Assets to reduce memory usage. Loaded Objects now: 5411.
Total: 5.855900 ms (FindLiveObjects: 0.534800 ms CreateObjectMapping: 0.176500 ms MarkObjects: 3.492600 ms  DeleteObjects: 1.650300 ms)

========================================================================
Received Import Request.
  Time since last request: 140.202439 seconds.
  path: Assets/Art/Characters/Prefab/BOP.prefab
  artifactKey: Guid(bc179d49fbef13f4485becb8d07874c2) Importer(815301076,1909f56bfc062723c751e8b465ee728b)
Start importing Assets/Art/Characters/Prefab/BOP.prefab using Guid(bc179d49fbef13f4485becb8d07874c2) Importer(815301076,1909f56bfc062723c751e8b465ee728b)  -> (artifact id: '42e1d055a1910fd16bef4f1a54224770') in 0.198789 seconds 
========================================================================
Received Import Request.
  Time since last request: 9.244843 seconds.
  path: Assets/Art/Characters/Prefab/BOP.prefab
  artifactKey: Guid(bc179d49fbef13f4485becb8d07874c2) Importer(815301076,1909f56bfc062723c751e8b465ee728b)
Start importing Assets/Art/Characters/Prefab/BOP.prefab using Guid(bc179d49fbef13f4485becb8d07874c2) Importer(815301076,1909f56bfc062723c751e8b465ee728b)  -> (artifact id: '8e50e7ca5446b779c04666ed1923d295') in 0.033205 seconds 
========================================================================
Received Prepare
Registering precompiled user dll's ...
Registered in 0.003822 seconds.
Begin MonoManager ReloadAssembly
Native extension for WindowsStandalone target not found
Refreshing native plugins compatible for Editor in 1.07 ms, found 1 plugins.
Preloading 0 native plugins for Editor in 0.00 ms.
Mono: successfully reloaded assembly
- Completed reload, in  1.370 seconds
Platform modules already initialized, skipping
Shader 'Universal Render Pipeline/Particles/Lit': fallback shader 'Universal Render Pipeline/Particles/SimpleLit' not found
Shader 'Universal Render Pipeline/Particles/Lit': fallback shader 'Universal Render Pipeline/Particles/SimpleLit' not found
Refreshing native plugins compatible for Editor in 1.05 ms, found 1 plugins.
Preloading 0 native plugins for Editor in 0.00 ms.
Unloading 4736 Unused Serialized files (Serialized files now loaded: 0)
System memory in use before: 192.7 MB.
System memory in use after: 190.1 MB.

Unloading 47 unused Assets to reduce memory usage. Loaded Objects now: 5450.
Total: 5.895500 ms (FindLiveObjects: 0.574100 ms CreateObjectMapping: 0.200800 ms MarkObjects: 3.497400 ms  DeleteObjects: 1.621700 ms)

========================================================================
Received Prepare
Registering precompiled user dll's ...
Registered in 0.003914 seconds.
Begin MonoManager ReloadAssembly
Native extension for WindowsStandalone target not found
Refreshing native plugins compatible for Editor in 1.05 ms, found 1 plugins.
Preloading 0 native plugins for Editor in 0.00 ms.
Mono: successfully reloaded assembly
- Completed reload, in  1.418 seconds
Platform modules already initialized, skipping
Shader 'Universal Render Pipeline/Particles/Lit': fallback shader 'Universal Render Pipeline/Particles/SimpleLit' not found
Shader 'Universal Render Pipeline/Particles/Lit': fallback shader 'Universal Render Pipeline/Particles/SimpleLit' not found
Refreshing native plugins compatible for Editor in 1.05 ms, found 1 plugins.
Preloading 0 native plugins for Editor in 0.00 ms.
Unloading 4736 Unused Serialized files (Serialized files now loaded: 0)
System memory in use before: 192.6 MB.
System memory in use after: 190.1 MB.

Unloading 47 unused Assets to reduce memory usage. Loaded Objects now: 5453.
Total: 6.416200 ms (FindLiveObjects: 0.550500 ms CreateObjectMapping: 0.276900 ms MarkObjects: 3.844200 ms  DeleteObjects: 1.743100 ms)

========================================================================
Received Prepare
Registering precompiled user dll's ...
Registered in 0.003904 seconds.
Begin MonoManager ReloadAssembly
Native extension for WindowsStandalone target not found
Refreshing native plugins compatible for Editor in 1.05 ms, found 1 plugins.
Preloading 0 native plugins for Editor in 0.00 ms.
Mono: successfully reloaded assembly
- Completed reload, in  1.395 seconds
Platform modules already initialized, skipping
Shader 'Universal Render Pipeline/Particles/Lit': fallback shader 'Universal Render Pipeline/Particles/SimpleLit' not found
Shader 'Universal Render Pipeline/Particles/Lit': fallback shader 'Universal Render Pipeline/Particles/SimpleLit' not found
Refreshing native plugins compatible for Editor in 1.06 ms, found 1 plugins.
Preloading 0 native plugins for Editor in 0.00 ms.
Unloading 4736 Unused Serialized files (Serialized files now loaded: 0)
System memory in use before: 192.6 MB.
System memory in use after: 190.1 MB.

Unloading 47 unused Assets to reduce memory usage. Loaded Objects now: 5456.
Total: 5.851600 ms (FindLiveObjects: 0.542700 ms CreateObjectMapping: 0.180300 ms MarkObjects: 3.502800 ms  DeleteObjects: 1.624200 ms)

========================================================================
Received Prepare
Registering precompiled user dll's ...
Registered in 0.004583 seconds.
Begin MonoManager ReloadAssembly
Native extension for WindowsStandalone target not found
Refreshing native plugins compatible for Editor in 1.05 ms, found 1 plugins.
Preloading 0 native plugins for Editor in 0.00 ms.
Mono: successfully reloaded assembly
- Completed reload, in  1.375 seconds
Platform modules already initialized, skipping
Shader 'Universal Render Pipeline/Particles/Lit': fallback shader 'Universal Render Pipeline/Particles/SimpleLit' not found
Shader 'Universal Render Pipeline/Particles/Lit': fallback shader 'Universal Render Pipeline/Particles/SimpleLit' not found
Refreshing native plugins compatible for Editor in 1.05 ms, found 1 plugins.
Preloading 0 native plugins for Editor in 0.00 ms.
Unloading 4736 Unused Serialized files (Serialized files now loaded: 0)
System memory in use before: 192.6 MB.
System memory in use after: 190.1 MB.

Unloading 47 unused Assets to reduce memory usage. Loaded Objects now: 5459.
Total: 5.983900 ms (FindLiveObjects: 0.574900 ms CreateObjectMapping: 0.177400 ms MarkObjects: 3.615400 ms  DeleteObjects: 1.614600 ms)

========================================================================
Received Import Request.
  Time since last request: 205.337776 seconds.
  path: Assets/Art/Characters/Prefab/BOP.prefab
  artifactKey: Guid(bc179d49fbef13f4485becb8d07874c2) Importer(815301076,1909f56bfc062723c751e8b465ee728b)
Start importing Assets/Art/Characters/Prefab/BOP.prefab using Guid(bc179d49fbef13f4485becb8d07874c2) Importer(815301076,1909f56bfc062723c751e8b465ee728b)  -> (artifact id: 'eadaac123ad838b695d8c739fee1bf12') in 0.224780 seconds 
========================================================================
Received Prepare
Registering precompiled user dll's ...
Registered in 0.004070 seconds.
Begin MonoManager ReloadAssembly
Native extension for WindowsStandalone target not found
Refreshing native plugins compatible for Editor in 1.54 ms, found 1 plugins.
Preloading 0 native plugins for Editor in 0.00 ms.
Mono: successfully reloaded assembly
- Completed reload, in  1.362 seconds
Platform modules already initialized, skipping
Shader 'Universal Render Pipeline/Particles/Lit': fallback shader 'Universal Render Pipeline/Particles/SimpleLit' not found
Shader 'Universal Render Pipeline/Particles/Lit': fallback shader 'Universal Render Pipeline/Particles/SimpleLit' not found
Refreshing native plugins compatible for Editor in 1.09 ms, found 1 plugins.
Preloading 0 native plugins for Editor in 0.00 ms.
Unloading 4736 Unused Serialized files (Serialized files now loaded: 0)
System memory in use before: 192.8 MB.
System memory in use after: 190.2 MB.

Unloading 47 unused Assets to reduce memory usage. Loaded Objects now: 5498.
Total: 5.305900 ms (FindLiveObjects: 0.552500 ms CreateObjectMapping: 0.155600 ms MarkObjects: 2.984800 ms  DeleteObjects: 1.611000 ms)

========================================================================
Received Prepare
Registering precompiled user dll's ...
Registered in 0.003782 seconds.
Begin MonoManager ReloadAssembly
Native extension for WindowsStandalone target not found
Refreshing native plugins compatible for Editor in 1.04 ms, found 1 plugins.
Preloading 0 native plugins for Editor in 0.00 ms.
Mono: successfully reloaded assembly
- Completed reload, in  1.352 seconds
Platform modules already initialized, skipping
Shader 'Universal Render Pipeline/Particles/Lit': fallback shader 'Universal Render Pipeline/Particles/SimpleLit' not found
Shader 'Universal Render Pipeline/Particles/Lit': fallback shader 'Universal Render Pipeline/Particles/SimpleLit' not found
Refreshing native plugins compatible for Editor in 1.05 ms, found 1 plugins.
Preloading 0 native plugins for Editor in 0.00 ms.
Unloading 4736 Unused Serialized files (Serialized files now loaded: 0)
System memory in use before: 192.9 MB.
System memory in use after: 190.3 MB.

Unloading 47 unused Assets to reduce memory usage. Loaded Objects now: 5501.
Total: 6.072000 ms (FindLiveObjects: 0.650200 ms CreateObjectMapping: 0.250200 ms MarkObjects: 3.536000 ms  DeleteObjects: 1.634300 ms)

========================================================================
Received Prepare
Registering precompiled user dll's ...
Registered in 0.003953 seconds.
Begin MonoManager ReloadAssembly
Native extension for WindowsStandalone target not found
Refreshing native plugins compatible for Editor in 1.04 ms, found 1 plugins.
Preloading 0 native plugins for Editor in 0.00 ms.
Mono: successfully reloaded assembly
- Completed reload, in  1.393 seconds
Platform modules already initialized, skipping
Shader 'Universal Render Pipeline/Particles/Lit': fallback shader 'Universal Render Pipeline/Particles/SimpleLit' not found
Shader 'Universal Render Pipeline/Particles/Lit': fallback shader 'Universal Render Pipeline/Particles/SimpleLit' not found
Refreshing native plugins compatible for Editor in 1.05 ms, found 1 plugins.
Preloading 0 native plugins for Editor in 0.00 ms.
Unloading 4736 Unused Serialized files (Serialized files now loaded: 0)
System memory in use before: 192.4 MB.
System memory in use after: 189.9 MB.

Unloading 47 unused Assets to reduce memory usage. Loaded Objects now: 5504.
Total: 5.711200 ms (FindLiveObjects: 0.655500 ms CreateObjectMapping: 0.183400 ms MarkObjects: 3.265100 ms  DeleteObjects: 1.606000 ms)

========================================================================
Received Prepare
Registering precompiled user dll's ...
Registered in 0.003908 seconds.
Begin MonoManager ReloadAssembly
Native extension for WindowsStandalone target not found
Refreshing native plugins compatible for Editor in 1.04 ms, found 1 plugins.
Preloading 0 native plugins for Editor in 0.00 ms.
Mono: successfully reloaded assembly
- Completed reload, in  1.392 seconds
Platform modules already initialized, skipping
Shader 'Universal Render Pipeline/Particles/Lit': fallback shader 'Universal Render Pipeline/Particles/SimpleLit' not found
Shader 'Universal Render Pipeline/Particles/Lit': fallback shader 'Universal Render Pipeline/Particles/SimpleLit' not found
Refreshing native plugins compatible for Editor in 1.04 ms, found 1 plugins.
Preloading 0 native plugins for Editor in 0.00 ms.
Unloading 4736 Unused Serialized files (Serialized files now loaded: 0)
System memory in use before: 192.7 MB.
System memory in use after: 190.1 MB.

Unloading 47 unused Assets to reduce memory usage. Loaded Objects now: 5507.
Total: 6.170900 ms (FindLiveObjects: 0.562600 ms CreateObjectMapping: 0.260700 ms MarkObjects: 3.616400 ms  DeleteObjects: 1.729200 ms)

========================================================================
Received Import Request.
  Time since last request: 744.575917 seconds.
  path: Assets/Art/Characters/Prefab/BOP.prefab
  artifactKey: Guid(bc179d49fbef13f4485becb8d07874c2) Importer(815301076,1909f56bfc062723c751e8b465ee728b)
Start importing Assets/Art/Characters/Prefab/BOP.prefab using Guid(bc179d49fbef13f4485becb8d07874c2) Importer(815301076,1909f56bfc062723c751e8b465ee728b)  -> (artifact id: '7b4ccd917581355bb22b135fc2e3a890') in 0.226465 seconds 
========================================================================
Received Import Request.
  Time since last request: 2.298531 seconds.
  path: Assets/Art/Characters/Cho
  artifactKey: Guid(fbb5124d2e9f76449a0150c4f374b26f) Importer(815301076,1909f56bfc062723c751e8b465ee728b)
Start importing Assets/Art/Characters/Cho using Guid(fbb5124d2e9f76449a0150c4f374b26f) Importer(815301076,1909f56bfc062723c751e8b465ee728b)  -> (artifact id: '22d92f15f72bda139fc5e1134947f4e0') in 0.008650 seconds 
========================================================================
Received Import Request.
  Time since last request: 2.628999 seconds.
  path: Assets/Art/Characters/Cho/Cho.fbx
  artifactKey: Guid(57f652497afc36b47bb4074b261a20d9) Importer(815301076,1909f56bfc062723c751e8b465ee728b)
Start importing Assets/Art/Characters/Cho/Cho.fbx using Guid(57f652497afc36b47bb4074b261a20d9) Importer(815301076,1909f56bfc062723c751e8b465ee728b)  -> (artifact id: 'e438a461c1a46877e787ea3a8fec6adf') in 0.007878 seconds 
========================================================================
Received Import Request.
  Time since last request: 60.091437 seconds.
  path: Assets/Art/Characters/Cho/Cho.fbx
  artifactKey: Guid(57f652497afc36b47bb4074b261a20d9) Importer(815301076,1909f56bfc062723c751e8b465ee728b)
Start importing Assets/Art/Characters/Cho/Cho.fbx using Guid(57f652497afc36b47bb4074b261a20d9) Importer(815301076,1909f56bfc062723c751e8b465ee728b)  -> (artifact id: '553fe2f5a882e37437b124f6e9661798') in 0.072603 seconds 
========================================================================
Received Import Request.
  Time since last request: 34.265227 seconds.
  path: Assets/Art/Characters/Shaz/Materials 1
  artifactKey: Guid(320404a8766dab349977f820b790a611) Importer(815301076,1909f56bfc062723c751e8b465ee728b)
Start importing Assets/Art/Characters/Shaz/Materials 1 using Guid(320404a8766dab349977f820b790a611) Importer(815301076,1909f56bfc062723c751e8b465ee728b)  -> (artifact id: 'f084c2a6be26d24cb3127c2d65765884') in 0.009263 seconds 
========================================================================
Received Import Request.
  Time since last request: 6.538632 seconds.
  path: Assets/Art/Characters/Cho/Materials
  artifactKey: Guid(320404a8766dab349977f820b790a611) Importer(815301076,1909f56bfc062723c751e8b465ee728b)
Start importing Assets/Art/Characters/Cho/Materials using Guid(320404a8766dab349977f820b790a611) Importer(815301076,1909f56bfc062723c751e8b465ee728b)  -> (artifact id: 'd803a31f4317861ebcf869d5ff58cc4b') in 0.008529 seconds 
========================================================================
Received Import Request.
  Time since last request: 5.788904 seconds.
  path: Assets/Art/Characters/Cho/Model
  artifactKey: Guid(19e6c91f2509b0d4a90ff107629cefaf) Importer(815301076,1909f56bfc062723c751e8b465ee728b)
Start importing Assets/Art/Characters/Cho/Model using Guid(19e6c91f2509b0d4a90ff107629cefaf) Importer(815301076,1909f56bfc062723c751e8b465ee728b)  -> (artifact id: '303c33ad5f904086593ab06ed729dd9a') in 0.008600 seconds 
========================================================================
Received Import Request.
  Time since last request: 54.401233 seconds.
  path: Assets/Art/Characters/Prefab/Cho.prefab
  artifactKey: Guid(7c7c380f1c3597840be6e4c446f467f2) Importer(815301076,1909f56bfc062723c751e8b465ee728b)
Start importing Assets/Art/Characters/Prefab/Cho.prefab using Guid(7c7c380f1c3597840be6e4c446f467f2) Importer(815301076,1909f56bfc062723c751e8b465ee728b)  -> (artifact id: 'f0e6981b269caac0ec65bb0cc4a8eee6') in 0.019371 seconds 
========================================================================
Received Import Request.
  Time since last request: 9.001031 seconds.
  path: Assets/Art/Characters/Prefab/Shaz.prefab
  artifactKey: Guid(e18e37e11f92d6049a290987d06ca816) Importer(815301076,1909f56bfc062723c751e8b465ee728b)
Start importing Assets/Art/Characters/Prefab/Shaz.prefab using Guid(e18e37e11f92d6049a290987d06ca816) Importer(815301076,1909f56bfc062723c751e8b465ee728b)  -> (artifact id: 'c5b7be00d94e7d434c1da817860132b8') in 0.019465 seconds 
========================================================================
Received Prepare
Registering precompiled user dll's ...
Registered in 0.004145 seconds.
Begin MonoManager ReloadAssembly
Native extension for WindowsStandalone target not found
Refreshing native plugins compatible for Editor in 1.23 ms, found 1 plugins.
Preloading 0 native plugins for Editor in 0.00 ms.
Mono: successfully reloaded assembly
- Completed reload, in  1.415 seconds
Platform modules already initialized, skipping
Shader 'Universal Render Pipeline/Particles/Lit': fallback shader 'Universal Render Pipeline/Particles/SimpleLit' not found
Shader 'Universal Render Pipeline/Particles/Lit': fallback shader 'Universal Render Pipeline/Particles/SimpleLit' not found
Refreshing native plugins compatible for Editor in 1.07 ms, found 1 plugins.
Preloading 0 native plugins for Editor in 0.00 ms.
Unloading 4736 Unused Serialized files (Serialized files now loaded: 0)
System memory in use before: 192.9 MB.
System memory in use after: 190.3 MB.

Unloading 47 unused Assets to reduce memory usage. Loaded Objects now: 5546.
Total: 6.787800 ms (FindLiveObjects: 0.903300 ms CreateObjectMapping: 0.251600 ms MarkObjects: 3.976000 ms  DeleteObjects: 1.655300 ms)

========================================================================
Received Import Request.
  Time since last request: 153.184839 seconds.
  path: Assets/Art/Characters/Prefab/Cho.prefab
  artifactKey: Guid(7c7c380f1c3597840be6e4c446f467f2) Importer(815301076,1909f56bfc062723c751e8b465ee728b)
Start importing Assets/Art/Characters/Prefab/Cho.prefab using Guid(7c7c380f1c3597840be6e4c446f467f2) Importer(815301076,1909f56bfc062723c751e8b465ee728b)  -> (artifact id: '1637611df21ade9baef7a50d3645a978') in 0.229011 seconds 
========================================================================
Received Prepare
Registering precompiled user dll's ...
Registered in 0.003849 seconds.
Begin MonoManager ReloadAssembly
Native extension for WindowsStandalone target not found
Refreshing native plugins compatible for Editor in 1.06 ms, found 1 plugins.
Preloading 0 native plugins for Editor in 0.00 ms.
Mono: successfully reloaded assembly
- Completed reload, in  1.387 seconds
Platform modules already initialized, skipping
Shader 'Universal Render Pipeline/Particles/Lit': fallback shader 'Universal Render Pipeline/Particles/SimpleLit' not found
Shader 'Universal Render Pipeline/Particles/Lit': fallback shader 'Universal Render Pipeline/Particles/SimpleLit' not found
Refreshing native plugins compatible for Editor in 1.06 ms, found 1 plugins.
Preloading 0 native plugins for Editor in 0.00 ms.
Unloading 4736 Unused Serialized files (Serialized files now loaded: 0)
System memory in use before: 192.9 MB.
System memory in use after: 190.4 MB.

Unloading 47 unused Assets to reduce memory usage. Loaded Objects now: 5585.
Total: 6.093000 ms (FindLiveObjects: 0.550700 ms CreateObjectMapping: 0.181500 ms MarkObjects: 3.732700 ms  DeleteObjects: 1.626700 ms)

========================================================================
Received Import Request.
  Time since last request: 209.008809 seconds.
  path: Assets/Art/Characters/Cho/Model/Cho.fbx
  artifactKey: Guid(57f652497afc36b47bb4074b261a20d9) Importer(815301076,1909f56bfc062723c751e8b465ee728b)
Start importing Assets/Art/Characters/Cho/Model/Cho.fbx using Guid(57f652497afc36b47bb4074b261a20d9) Importer(815301076,1909f56bfc062723c751e8b465ee728b)  -> (artifact id: '31c67674903ce6a54cc5d05b5acf5d58') in 0.277924 seconds 
========================================================================
Received Import Request.
  Time since last request: 2.754165 seconds.
  path: Assets/Art/Characters/Prefab/Cho.prefab
  artifactKey: Guid(7c7c380f1c3597840be6e4c446f467f2) Importer(815301076,1909f56bfc062723c751e8b465ee728b)
Start importing Assets/Art/Characters/Prefab/Cho.prefab using Guid(7c7c380f1c3597840be6e4c446f467f2) Importer(815301076,1909f56bfc062723c751e8b465ee728b)  -> (artifact id: '30a77ac8f376e59c98a183aa45fb7bd6') in 0.037298 seconds 
========================================================================
Received Prepare
Registering precompiled user dll's ...
Registered in 0.003954 seconds.
Begin MonoManager ReloadAssembly
Native extension for WindowsStandalone target not found
Refreshing native plugins compatible for Editor in 1.14 ms, found 1 plugins.
Preloading 0 native plugins for Editor in 0.00 ms.
Mono: successfully reloaded assembly
- Completed reload, in  1.375 seconds
Platform modules already initialized, skipping
Shader 'Universal Render Pipeline/Particles/Lit': fallback shader 'Universal Render Pipeline/Particles/SimpleLit' not found
Shader 'Universal Render Pipeline/Particles/Lit': fallback shader 'Universal Render Pipeline/Particles/SimpleLit' not found
Refreshing native plugins compatible for Editor in 1.11 ms, found 1 plugins.
Preloading 0 native plugins for Editor in 0.00 ms.
Unloading 4736 Unused Serialized files (Serialized files now loaded: 0)
System memory in use before: 193.0 MB.
System memory in use after: 190.4 MB.

Unloading 47 unused Assets to reduce memory usage. Loaded Objects now: 5624.
Total: 6.064600 ms (FindLiveObjects: 0.559200 ms CreateObjectMapping: 0.171200 ms MarkObjects: 3.700500 ms  DeleteObjects: 1.631700 ms)

========================================================================
Received Prepare
Registering precompiled user dll's ...
Registered in 0.003809 seconds.
Begin MonoManager ReloadAssembly
Native extension for WindowsStandalone target not found
Refreshing native plugins compatible for Editor in 1.13 ms, found 1 plugins.
Preloading 0 native plugins for Editor in 0.00 ms.
Mono: successfully reloaded assembly
- Completed reload, in  1.399 seconds
Platform modules already initialized, skipping
Shader 'Universal Render Pipeline/Particles/Lit': fallback shader 'Universal Render Pipeline/Particles/SimpleLit' not found
Shader 'Universal Render Pipeline/Particles/Lit': fallback shader 'Universal Render Pipeline/Particles/SimpleLit' not found
Refreshing native plugins compatible for Editor in 1.04 ms, found 1 plugins.
Preloading 0 native plugins for Editor in 0.00 ms.
Unloading 4736 Unused Serialized files (Serialized files now loaded: 0)
System memory in use before: 192.8 MB.
System memory in use after: 190.2 MB.

Unloading 47 unused Assets to reduce memory usage. Loaded Objects now: 5627.
Total: 6.105900 ms (FindLiveObjects: 0.551000 ms CreateObjectMapping: 0.200400 ms MarkObjects: 3.718800 ms  DeleteObjects: 1.634300 ms)

========================================================================
Received Prepare
Registering precompiled user dll's ...
Registered in 0.003844 seconds.
Begin MonoManager ReloadAssembly
Native extension for WindowsStandalone target not found
Refreshing native plugins compatible for Editor in 1.82 ms, found 1 plugins.
Preloading 0 native plugins for Editor in 0.00 ms.
Mono: successfully reloaded assembly
- Completed reload, in  1.377 seconds
Platform modules already initialized, skipping
Shader 'Universal Render Pipeline/Particles/Lit': fallback shader 'Universal Render Pipeline/Particles/SimpleLit' not found
Shader 'Universal Render Pipeline/Particles/Lit': fallback shader 'Universal Render Pipeline/Particles/SimpleLit' not found
Refreshing native plugins compatible for Editor in 1.06 ms, found 1 plugins.
Preloading 0 native plugins for Editor in 0.00 ms.
Unloading 4736 Unused Serialized files (Serialized files now loaded: 0)
System memory in use before: 193.0 MB.
System memory in use after: 190.5 MB.

Unloading 47 unused Assets to reduce memory usage. Loaded Objects now: 5630.
Total: 7.799100 ms (FindLiveObjects: 0.600500 ms CreateObjectMapping: 0.237000 ms MarkObjects: 4.902500 ms  DeleteObjects: 2.057300 ms)

========================================================================
Received Prepare
Registering precompiled user dll's ...
Registered in 0.003955 seconds.
Begin MonoManager ReloadAssembly
Native extension for WindowsStandalone target not found
Refreshing native plugins compatible for Editor in 1.53 ms, found 1 plugins.
Preloading 0 native plugins for Editor in 0.00 ms.
Mono: successfully reloaded assembly
- Completed reload, in  1.376 seconds
Platform modules already initialized, skipping
Shader 'Universal Render Pipeline/Particles/Lit': fallback shader 'Universal Render Pipeline/Particles/SimpleLit' not found
Shader 'Universal Render Pipeline/Particles/Lit': fallback shader 'Universal Render Pipeline/Particles/SimpleLit' not found
Refreshing native plugins compatible for Editor in 1.06 ms, found 1 plugins.
Preloading 0 native plugins for Editor in 0.00 ms.
Unloading 4736 Unused Serialized files (Serialized files now loaded: 0)
System memory in use before: 192.9 MB.
System memory in use after: 190.4 MB.

Unloading 47 unused Assets to reduce memory usage. Loaded Objects now: 5633.
Total: 6.211400 ms (FindLiveObjects: 0.581100 ms CreateObjectMapping: 0.204800 ms MarkObjects: 3.801800 ms  DeleteObjects: 1.622000 ms)

========================================================================
Received Prepare
Registering precompiled user dll's ...
Registered in 0.003874 seconds.
Begin MonoManager ReloadAssembly
Native extension for WindowsStandalone target not found
Refreshing native plugins compatible for Editor in 1.03 ms, found 1 plugins.
Preloading 0 native plugins for Editor in 0.00 ms.
Mono: successfully reloaded assembly
- Completed reload, in  1.368 seconds
Platform modules already initialized, skipping
Shader 'Universal Render Pipeline/Particles/Lit': fallback shader 'Universal Render Pipeline/Particles/SimpleLit' not found
Shader 'Universal Render Pipeline/Particles/Lit': fallback shader 'Universal Render Pipeline/Particles/SimpleLit' not found
Refreshing native plugins compatible for Editor in 1.06 ms, found 1 plugins.
Preloading 0 native plugins for Editor in 0.00 ms.
Unloading 4736 Unused Serialized files (Serialized files now loaded: 0)
System memory in use before: 192.9 MB.
System memory in use after: 190.4 MB.

Unloading 47 unused Assets to reduce memory usage. Loaded Objects now: 5636.
Total: 5.730000 ms (FindLiveObjects: 0.577400 ms CreateObjectMapping: 0.181600 ms MarkObjects: 3.362900 ms  DeleteObjects: 1.607000 ms)

========================================================================
Received Prepare
Registering precompiled user dll's ...
Registered in 0.003862 seconds.
Begin MonoManager ReloadAssembly
Native extension for WindowsStandalone target not found
Refreshing native plugins compatible for Editor in 1.04 ms, found 1 plugins.
Preloading 0 native plugins for Editor in 0.00 ms.
Mono: successfully reloaded assembly
- Completed reload, in  1.364 seconds
Platform modules already initialized, skipping
Shader 'Universal Render Pipeline/Particles/Lit': fallback shader 'Universal Render Pipeline/Particles/SimpleLit' not found
Shader 'Universal Render Pipeline/Particles/Lit': fallback shader 'Universal Render Pipeline/Particles/SimpleLit' not found
Refreshing native plugins compatible for Editor in 1.07 ms, found 1 plugins.
Preloading 0 native plugins for Editor in 0.00 ms.
Unloading 4736 Unused Serialized files (Serialized files now loaded: 0)
System memory in use before: 193.0 MB.
System memory in use after: 190.5 MB.

Unloading 47 unused Assets to reduce memory usage. Loaded Objects now: 5639.
Total: 6.155400 ms (FindLiveObjects: 0.630100 ms CreateObjectMapping: 0.177700 ms MarkObjects: 3.649800 ms  DeleteObjects: 1.696000 ms)

========================================================================
Received Prepare
Registering precompiled user dll's ...
Registered in 0.003829 seconds.
Begin MonoManager ReloadAssembly
Native extension for WindowsStandalone target not found
Refreshing native plugins compatible for Editor in 1.04 ms, found 1 plugins.
Preloading 0 native plugins for Editor in 0.00 ms.
Mono: successfully reloaded assembly
- Completed reload, in  1.391 seconds
Platform modules already initialized, skipping
Shader 'Universal Render Pipeline/Particles/Lit': fallback shader 'Universal Render Pipeline/Particles/SimpleLit' not found
Shader 'Universal Render Pipeline/Particles/Lit': fallback shader 'Universal Render Pipeline/Particles/SimpleLit' not found
Refreshing native plugins compatible for Editor in 1.65 ms, found 1 plugins.
Preloading 0 native plugins for Editor in 0.00 ms.
Unloading 4736 Unused Serialized files (Serialized files now loaded: 0)
System memory in use before: 192.8 MB.
System memory in use after: 190.2 MB.

Unloading 47 unused Assets to reduce memory usage. Loaded Objects now: 5642.
Total: 6.348000 ms (FindLiveObjects: 0.578300 ms CreateObjectMapping: 0.205300 ms MarkObjects: 3.902200 ms  DeleteObjects: 1.660700 ms)

========================================================================
Received Import Request.
  Time since last request: 1833.290706 seconds.
  path: Assets/Art/Characters/Prefab/Cho.prefab
  artifactKey: Guid(7c7c380f1c3597840be6e4c446f467f2) Importer(815301076,1909f56bfc062723c751e8b465ee728b)
Start importing Assets/Art/Characters/Prefab/Cho.prefab using Guid(7c7c380f1c3597840be6e4c446f467f2) Importer(815301076,1909f56bfc062723c751e8b465ee728b)  -> (artifact id: '592c7ac879736a53d401e492a970a3dd') in 0.230562 seconds 
========================================================================
Received Prepare
Registering precompiled user dll's ...
Registered in 0.003808 seconds.
Begin MonoManager ReloadAssembly
Native extension for WindowsStandalone target not found
Refreshing native plugins compatible for Editor in 1.04 ms, found 1 plugins.
Preloading 0 native plugins for Editor in 0.00 ms.
Mono: successfully reloaded assembly
- Completed reload, in  1.382 seconds
Platform modules already initialized, skipping
Shader 'Universal Render Pipeline/Particles/Lit': fallback shader 'Universal Render Pipeline/Particles/SimpleLit' not found
Shader 'Universal Render Pipeline/Particles/Lit': fallback shader 'Universal Render Pipeline/Particles/SimpleLit' not found
Refreshing native plugins compatible for Editor in 1.06 ms, found 1 plugins.
Preloading 0 native plugins for Editor in 0.00 ms.
Unloading 4736 Unused Serialized files (Serialized files now loaded: 0)
System memory in use before: 193.1 MB.
System memory in use after: 190.5 MB.

Unloading 47 unused Assets to reduce memory usage. Loaded Objects now: 5681.
Total: 5.584000 ms (FindLiveObjects: 0.571100 ms CreateObjectMapping: 0.166000 ms MarkObjects: 3.225300 ms  DeleteObjects: 1.619800 ms)

========================================================================
Received Prepare
Registering precompiled user dll's ...
Registered in 0.003814 seconds.
Begin MonoManager ReloadAssembly
Native extension for WindowsStandalone target not found
Refreshing native plugins compatible for Editor in 1.07 ms, found 1 plugins.
Preloading 0 native plugins for Editor in 0.00 ms.
Mono: successfully reloaded assembly
- Completed reload, in  1.383 seconds
Platform modules already initialized, skipping
Shader 'Universal Render Pipeline/Particles/Lit': fallback shader 'Universal Render Pipeline/Particles/SimpleLit' not found
Shader 'Universal Render Pipeline/Particles/Lit': fallback shader 'Universal Render Pipeline/Particles/SimpleLit' not found
Refreshing native plugins compatible for Editor in 1.06 ms, found 1 plugins.
Preloading 0 native plugins for Editor in 0.00 ms.
Unloading 4736 Unused Serialized files (Serialized files now loaded: 0)
System memory in use before: 193.1 MB.
System memory in use after: 190.5 MB.

Unloading 47 unused Assets to reduce memory usage. Loaded Objects now: 5684.
Total: 6.204700 ms (FindLiveObjects: 0.592800 ms CreateObjectMapping: 0.188700 ms MarkObjects: 3.770800 ms  DeleteObjects: 1.650900 ms)

========================================================================
Received Import Request.
  Time since last request: 382.542452 seconds.
  path: Assets/Art/Environment/Model/Ramp.fbx
  artifactKey: Guid(409abbc0aa19bce43b8e8d2932a37e29) Importer(815301076,1909f56bfc062723c751e8b465ee728b)
Start importing Assets/Art/Environment/Model/Ramp.fbx using Guid(409abbc0aa19bce43b8e8d2932a37e29) Importer(815301076,1909f56bfc062723c751e8b465ee728b)  -> (artifact id: 'd6fb20097cb0868d7006120dc468322c') in 0.229477 seconds 
========================================================================
Received Prepare
Registering precompiled user dll's ...
Registered in 0.004065 seconds.
Begin MonoManager ReloadAssembly
Native extension for WindowsStandalone target not found
Refreshing native plugins compatible for Editor in 1.06 ms, found 1 plugins.
Preloading 0 native plugins for Editor in 0.00 ms.
Mono: successfully reloaded assembly
- Completed reload, in  1.381 seconds
Platform modules already initialized, skipping
Shader 'Universal Render Pipeline/Particles/Lit': fallback shader 'Universal Render Pipeline/Particles/SimpleLit' not found
Shader 'Universal Render Pipeline/Particles/Lit': fallback shader 'Universal Render Pipeline/Particles/SimpleLit' not found
Refreshing native plugins compatible for Editor in 1.11 ms, found 1 plugins.
Preloading 0 native plugins for Editor in 0.00 ms.
Unloading 4736 Unused Serialized files (Serialized files now loaded: 0)
System memory in use before: 193.1 MB.
System memory in use after: 190.6 MB.

Unloading 47 unused Assets to reduce memory usage. Loaded Objects now: 5723.
Total: 5.742100 ms (FindLiveObjects: 0.574900 ms CreateObjectMapping: 0.171300 ms MarkObjects: 3.348200 ms  DeleteObjects: 1.646100 ms)

========================================================================
Received Prepare
Registering precompiled user dll's ...
Registered in 0.004648 seconds.
Begin MonoManager ReloadAssembly
Native extension for WindowsStandalone target not found
Refreshing native plugins compatible for Editor in 1.05 ms, found 1 plugins.
Preloading 0 native plugins for Editor in 0.00 ms.
Mono: successfully reloaded assembly
- Completed reload, in  1.380 seconds
Platform modules already initialized, skipping
Shader 'Universal Render Pipeline/Particles/Lit': fallback shader 'Universal Render Pipeline/Particles/SimpleLit' not found
Shader 'Universal Render Pipeline/Particles/Lit': fallback shader 'Universal Render Pipeline/Particles/SimpleLit' not found
Refreshing native plugins compatible for Editor in 1.07 ms, found 1 plugins.
Preloading 0 native plugins for Editor in 0.00 ms.
Unloading 4736 Unused Serialized files (Serialized files now loaded: 0)
System memory in use before: 193.1 MB.
System memory in use after: 190.6 MB.

Unloading 47 unused Assets to reduce memory usage. Loaded Objects now: 5726.
Total: 6.273500 ms (FindLiveObjects: 0.567800 ms CreateObjectMapping: 0.173000 ms MarkObjects: 3.890100 ms  DeleteObjects: 1.641200 ms)

========================================================================
Received Prepare
Registering precompiled user dll's ...
Registered in 0.003765 seconds.
Begin MonoManager ReloadAssembly
Native extension for WindowsStandalone target not found
Refreshing native plugins compatible for Editor in 1.05 ms, found 1 plugins.
Preloading 0 native plugins for Editor in 0.00 ms.
Mono: successfully reloaded assembly
- Completed reload, in  1.379 seconds
Platform modules already initialized, skipping
Shader 'Universal Render Pipeline/Particles/Lit': fallback shader 'Universal Render Pipeline/Particles/SimpleLit' not found
Shader 'Universal Render Pipeline/Particles/Lit': fallback shader 'Universal Render Pipeline/Particles/SimpleLit' not found
Refreshing native plugins compatible for Editor in 1.57 ms, found 1 plugins.
Preloading 0 native plugins for Editor in 0.00 ms.
Unloading 4736 Unused Serialized files (Serialized files now loaded: 0)
System memory in use before: 192.8 MB.
System memory in use after: 190.3 MB.

Unloading 47 unused Assets to reduce memory usage. Loaded Objects now: 5729.
Total: 6.188500 ms (FindLiveObjects: 0.559900 ms CreateObjectMapping: 0.180300 ms MarkObjects: 3.810700 ms  DeleteObjects: 1.636300 ms)

========================================================================
Received Prepare
Registering precompiled user dll's ...
Registered in 0.003837 seconds.
Begin MonoManager ReloadAssembly
Native extension for WindowsStandalone target not found
Refreshing native plugins compatible for Editor in 1.08 ms, found 1 plugins.
Preloading 0 native plugins for Editor in 0.00 ms.
Mono: successfully reloaded assembly
- Completed reload, in  1.405 seconds
Platform modules already initialized, skipping
Shader 'Universal Render Pipeline/Particles/Lit': fallback shader 'Universal Render Pipeline/Particles/SimpleLit' not found
Shader 'Universal Render Pipeline/Particles/Lit': fallback shader 'Universal Render Pipeline/Particles/SimpleLit' not found
Refreshing native plugins compatible for Editor in 1.58 ms, found 1 plugins.
Preloading 0 native plugins for Editor in 0.00 ms.
Unloading 4736 Unused Serialized files (Serialized files now loaded: 0)
System memory in use before: 193.2 MB.
System memory in use after: 190.6 MB.

Unloading 47 unused Assets to reduce memory usage. Loaded Objects now: 5732.
Total: 6.465800 ms (FindLiveObjects: 0.601700 ms CreateObjectMapping: 0.210900 ms MarkObjects: 3.983700 ms  DeleteObjects: 1.668100 ms)

========================================================================
Received Prepare
Registering precompiled user dll's ...
Registered in 0.003864 seconds.
Begin MonoManager ReloadAssembly
Native extension for WindowsStandalone target not found
Refreshing native plugins compatible for Editor in 1.06 ms, found 1 plugins.
Preloading 0 native plugins for Editor in 0.00 ms.
Mono: successfully reloaded assembly
- Completed reload, in  1.381 seconds
Platform modules already initialized, skipping
Shader 'Universal Render Pipeline/Particles/Lit': fallback shader 'Universal Render Pipeline/Particles/SimpleLit' not found
Shader 'Universal Render Pipeline/Particles/Lit': fallback shader 'Universal Render Pipeline/Particles/SimpleLit' not found
Refreshing native plugins compatible for Editor in 1.05 ms, found 1 plugins.
Preloading 0 native plugins for Editor in 0.00 ms.
Unloading 4736 Unused Serialized files (Serialized files now loaded: 0)
System memory in use before: 193.0 MB.
System memory in use after: 190.5 MB.

Unloading 47 unused Assets to reduce memory usage. Loaded Objects now: 5735.
Total: 6.211800 ms (FindLiveObjects: 0.571300 ms CreateObjectMapping: 0.226100 ms MarkObjects: 3.753800 ms  DeleteObjects: 1.659300 ms)

========================================================================
Received Prepare
Registering precompiled user dll's ...
Registered in 0.003916 seconds.
Begin MonoManager ReloadAssembly
Native extension for WindowsStandalone target not found
Refreshing native plugins compatible for Editor in 1.08 ms, found 1 plugins.
Preloading 0 native plugins for Editor in 0.00 ms.
Mono: successfully reloaded assembly
- Completed reload, in  1.425 seconds
Platform modules already initialized, skipping
Shader 'Universal Render Pipeline/Particles/Lit': fallback shader 'Universal Render Pipeline/Particles/SimpleLit' not found
Shader 'Universal Render Pipeline/Particles/Lit': fallback shader 'Universal Render Pipeline/Particles/SimpleLit' not found
Refreshing native plugins compatible for Editor in 1.04 ms, found 1 plugins.
Preloading 0 native plugins for Editor in 0.00 ms.
Unloading 4736 Unused Serialized files (Serialized files now loaded: 0)
System memory in use before: 193.0 MB.
System memory in use after: 190.5 MB.

Unloading 47 unused Assets to reduce memory usage. Loaded Objects now: 5738.
Total: 6.460800 ms (FindLiveObjects: 0.668000 ms CreateObjectMapping: 0.193400 ms MarkObjects: 3.873800 ms  DeleteObjects: 1.723700 ms)

========================================================================
Received Prepare
Registering precompiled user dll's ...
Registered in 0.004004 seconds.
Begin MonoManager ReloadAssembly
Native extension for WindowsStandalone target not found
Refreshing native plugins compatible for Editor in 1.05 ms, found 1 plugins.
Preloading 0 native plugins for Editor in 0.00 ms.
Mono: successfully reloaded assembly
- Completed reload, in  1.373 seconds
Platform modules already initialized, skipping
Shader 'Universal Render Pipeline/Particles/Lit': fallback shader 'Universal Render Pipeline/Particles/SimpleLit' not found
Shader 'Universal Render Pipeline/Particles/Lit': fallback shader 'Universal Render Pipeline/Particles/SimpleLit' not found
Refreshing native plugins compatible for Editor in 1.05 ms, found 1 plugins.
Preloading 0 native plugins for Editor in 0.00 ms.
Unloading 4737 Unused Serialized files (Serialized files now loaded: 0)
System memory in use before: 193.1 MB.
System memory in use after: 190.6 MB.

Unloading 47 unused Assets to reduce memory usage. Loaded Objects now: 5742.
Total: 5.746600 ms (FindLiveObjects: 0.548300 ms CreateObjectMapping: 0.173200 ms MarkObjects: 3.379700 ms  DeleteObjects: 1.644400 ms)

========================================================================
Received Prepare
Registering precompiled user dll's ...
Registered in 0.003954 seconds.
Begin MonoManager ReloadAssembly
Native extension for WindowsStandalone target not found
Refreshing native plugins compatible for Editor in 1.04 ms, found 1 plugins.
Preloading 0 native plugins for Editor in 0.00 ms.
Mono: successfully reloaded assembly
- Completed reload, in  1.394 seconds
Platform modules already initialized, skipping
Shader 'Universal Render Pipeline/Particles/Lit': fallback shader 'Universal Render Pipeline/Particles/SimpleLit' not found
Shader 'Universal Render Pipeline/Particles/Lit': fallback shader 'Universal Render Pipeline/Particles/SimpleLit' not found
Refreshing native plugins compatible for Editor in 1.57 ms, found 1 plugins.
Preloading 0 native plugins for Editor in 0.00 ms.
Unloading 4737 Unused Serialized files (Serialized files now loaded: 0)
System memory in use before: 192.9 MB.
System memory in use after: 190.4 MB.

Unloading 47 unused Assets to reduce memory usage. Loaded Objects now: 5745.
Total: 6.310100 ms (FindLiveObjects: 0.606800 ms CreateObjectMapping: 0.200300 ms MarkObjects: 3.847100 ms  DeleteObjects: 1.653400 ms)

========================================================================
Received Import Request.
  Time since last request: 2318.338973 seconds.
  path: Assets/Art/Environment
  artifactKey: Guid(4bc2f7ea22581b64f885817ffaa4f5c7) Importer(815301076,1909f56bfc062723c751e8b465ee728b)
Start importing Assets/Art/Environment using Guid(4bc2f7ea22581b64f885817ffaa4f5c7) Importer(815301076,1909f56bfc062723c751e8b465ee728b)  -> (artifact id: '439c6be3bffe5fb1ae7e1e530b52574e') in 0.016244 seconds 
========================================================================
Received Import Request.
  Time since last request: 1.251577 seconds.
  path: Assets/Art/Environment/Model
  artifactKey: Guid(61c1c86d920b6da4abe0cdb65f80411f) Importer(815301076,1909f56bfc062723c751e8b465ee728b)
Start importing Assets/Art/Environment/Model using Guid(61c1c86d920b6da4abe0cdb65f80411f) Importer(815301076,1909f56bfc062723c751e8b465ee728b)  -> (artifact id: '08634281290f573e1d665d89957f860d') in 0.003170 seconds 
========================================================================
Received Import Request.
  Time since last request: 2.823832 seconds.
  path: Assets/Art/Weapons
  artifactKey: Guid(2e15f69806e5e7443a004ecc21067a81) Importer(815301076,1909f56bfc062723c751e8b465ee728b)
Start importing Assets/Art/Weapons using Guid(2e15f69806e5e7443a004ecc21067a81) Importer(815301076,1909f56bfc062723c751e8b465ee728b)  -> (artifact id: '52300702c3ad6703a4eaabf7d8b7a1e7') in 0.008695 seconds 
========================================================================
Received Import Request.
  Time since last request: 2.945651 seconds.
  path: Assets/Art/Weapons/Bullet.prefab
  artifactKey: Guid(954ad72463700ed4f8576c258f7c483e) Importer(815301076,1909f56bfc062723c751e8b465ee728b)
Start importing Assets/Art/Weapons/Bullet.prefab using Guid(954ad72463700ed4f8576c258f7c483e) Importer(815301076,1909f56bfc062723c751e8b465ee728b)  -> (artifact id: '3b0b61ba0c3447074eef94b258a30c4d') in 0.199454 seconds 
========================================================================
Received Import Request.
  Time since last request: 16.640372 seconds.
  path: Assets/Scripts/Shooting.cs
  artifactKey: Guid(49ea11d045b8a504ab7f6db62cb6a2d4) Importer(815301076,1909f56bfc062723c751e8b465ee728b)
Start importing Assets/Scripts/Shooting.cs using Guid(49ea11d045b8a504ab7f6db62cb6a2d4) Importer(815301076,1909f56bfc062723c751e8b465ee728b)  -> (artifact id: 'b84eda681df21b101762a1a4c79140c2') in 0.009647 seconds 
========================================================================
Received Prepare
Registering precompiled user dll's ...
Registered in 0.003884 seconds.
Begin MonoManager ReloadAssembly
Native extension for WindowsStandalone target not found
Refreshing native plugins compatible for Editor in 1.05 ms, found 1 plugins.
Preloading 0 native plugins for Editor in 0.00 ms.
Mono: successfully reloaded assembly
- Completed reload, in  1.378 seconds
Platform modules already initialized, skipping
Shader 'Universal Render Pipeline/Particles/Lit': fallback shader 'Universal Render Pipeline/Particles/SimpleLit' not found
Shader 'Universal Render Pipeline/Particles/Lit': fallback shader 'Universal Render Pipeline/Particles/SimpleLit' not found
Refreshing native plugins compatible for Editor in 1.05 ms, found 1 plugins.
Preloading 0 native plugins for Editor in 0.00 ms.
Unloading 4737 Unused Serialized files (Serialized files now loaded: 0)
System memory in use before: 193.2 MB.
System memory in use after: 190.7 MB.

Unloading 47 unused Assets to reduce memory usage. Loaded Objects now: 5784.
Total: 7.687600 ms (FindLiveObjects: 0.749100 ms CreateObjectMapping: 0.267000 ms MarkObjects: 4.786900 ms  DeleteObjects: 1.882400 ms)

========================================================================
Received Import Request.
  Time since last request: 152.192937 seconds.
  path: Assets/Art/Weapons/Bullet.prefab
  artifactKey: Guid(954ad72463700ed4f8576c258f7c483e) Importer(815301076,1909f56bfc062723c751e8b465ee728b)
Start importing Assets/Art/Weapons/Bullet.prefab using Guid(954ad72463700ed4f8576c258f7c483e) Importer(815301076,1909f56bfc062723c751e8b465ee728b)  -> (artifact id: 'd1f6c8318105b3aaad1faffc3c3176a1') in 0.197705 seconds 
========================================================================
Received Import Request.
  Time since last request: 52.219570 seconds.
  path: Assets/Art/Weapons/Bullet.prefab
  artifactKey: Guid(954ad72463700ed4f8576c258f7c483e) Importer(815301076,1909f56bfc062723c751e8b465ee728b)
Start importing Assets/Art/Weapons/Bullet.prefab using Guid(954ad72463700ed4f8576c258f7c483e) Importer(815301076,1909f56bfc062723c751e8b465ee728b)  -> (artifact id: '28743289b5967b0ec4b22297ca7fa473') in 0.010242 seconds 
========================================================================
Received Prepare
Registering precompiled user dll's ...
Registered in 0.003983 seconds.
Begin MonoManager ReloadAssembly
Native extension for WindowsStandalone target not found
Refreshing native plugins compatible for Editor in 1.11 ms, found 1 plugins.
Preloading 0 native plugins for Editor in 0.00 ms.
Mono: successfully reloaded assembly
- Completed reload, in  1.413 seconds
Platform modules already initialized, skipping
Shader 'Universal Render Pipeline/Particles/Lit': fallback shader 'Universal Render Pipeline/Particles/SimpleLit' not found
Shader 'Universal Render Pipeline/Particles/Lit': fallback shader 'Universal Render Pipeline/Particles/SimpleLit' not found
Refreshing native plugins compatible for Editor in 1.06 ms, found 1 plugins.
Preloading 0 native plugins for Editor in 0.00 ms.
Unloading 4737 Unused Serialized files (Serialized files now loaded: 0)
System memory in use before: 193.2 MB.
System memory in use after: 190.7 MB.

Unloading 47 unused Assets to reduce memory usage. Loaded Objects now: 5823.
Total: 6.478800 ms (FindLiveObjects: 0.602300 ms CreateObjectMapping: 0.196300 ms MarkObjects: 4.025500 ms  DeleteObjects: 1.652800 ms)

========================================================================
Received Prepare
Registering precompiled user dll's ...
Registered in 0.003972 seconds.
Begin MonoManager ReloadAssembly
Native extension for WindowsStandalone target not found
Refreshing native plugins compatible for Editor in 1.07 ms, found 1 plugins.
Preloading 0 native plugins for Editor in 0.00 ms.
Mono: successfully reloaded assembly
- Completed reload, in  1.407 seconds
Platform modules already initialized, skipping
Shader 'Universal Render Pipeline/Particles/Lit': fallback shader 'Universal Render Pipeline/Particles/SimpleLit' not found
Shader 'Universal Render Pipeline/Particles/Lit': fallback shader 'Universal Render Pipeline/Particles/SimpleLit' not found
Refreshing native plugins compatible for Editor in 1.59 ms, found 1 plugins.
Preloading 0 native plugins for Editor in 0.00 ms.
Unloading 4737 Unused Serialized files (Serialized files now loaded: 0)
System memory in use before: 193.4 MB.
System memory in use after: 190.8 MB.

Unloading 47 unused Assets to reduce memory usage. Loaded Objects now: 5826.
Total: 6.871000 ms (FindLiveObjects: 0.607600 ms CreateObjectMapping: 0.193600 ms MarkObjects: 4.372600 ms  DeleteObjects: 1.695700 ms)

========================================================================
Received Prepare
Registering precompiled user dll's ...
Registered in 0.003835 seconds.
Begin MonoManager ReloadAssembly
Native extension for WindowsStandalone target not found
Refreshing native plugins compatible for Editor in 1.05 ms, found 1 plugins.
Preloading 0 native plugins for Editor in 0.00 ms.
Mono: successfully reloaded assembly
- Completed reload, in  1.425 seconds
Platform modules already initialized, skipping
Shader 'Universal Render Pipeline/Particles/Lit': fallback shader 'Universal Render Pipeline/Particles/SimpleLit' not found
Shader 'Universal Render Pipeline/Particles/Lit': fallback shader 'Universal Render Pipeline/Particles/SimpleLit' not found
Refreshing native plugins compatible for Editor in 1.02 ms, found 1 plugins.
Preloading 0 native plugins for Editor in 0.00 ms.
Unloading 4737 Unused Serialized files (Serialized files now loaded: 0)
System memory in use before: 193.1 MB.
System memory in use after: 190.7 MB.

Unloading 47 unused Assets to reduce memory usage. Loaded Objects now: 5829.
Total: 6.511100 ms (FindLiveObjects: 0.628000 ms CreateObjectMapping: 0.218800 ms MarkObjects: 3.979800 ms  DeleteObjects: 1.682900 ms)

========================================================================
Received Prepare
Registering precompiled user dll's ...
Registered in 0.003802 seconds.
Begin MonoManager ReloadAssembly
Native extension for WindowsStandalone target not found
Refreshing native plugins compatible for Editor in 1.08 ms, found 1 plugins.
Preloading 0 native plugins for Editor in 0.00 ms.
Mono: successfully reloaded assembly
- Completed reload, in  1.471 seconds
Platform modules already initialized, skipping
Shader 'Universal Render Pipeline/Particles/Lit': fallback shader 'Universal Render Pipeline/Particles/SimpleLit' not found
Shader 'Universal Render Pipeline/Particles/Lit': fallback shader 'Universal Render Pipeline/Particles/SimpleLit' not found
Refreshing native plugins compatible for Editor in 1.06 ms, found 1 plugins.
Preloading 0 native plugins for Editor in 0.00 ms.
Unloading 4737 Unused Serialized files (Serialized files now loaded: 0)
System memory in use before: 193.0 MB.
System memory in use after: 190.5 MB.

Unloading 47 unused Assets to reduce memory usage. Loaded Objects now: 5832.
Total: 6.204900 ms (FindLiveObjects: 0.802600 ms CreateObjectMapping: 0.188900 ms MarkObjects: 3.582400 ms  DeleteObjects: 1.629400 ms)

========================================================================
Received Import Request.
  Time since last request: 434.772114 seconds.
  path: Assets/Scripts/Shooting.cs
  artifactKey: Guid(49ea11d045b8a504ab7f6db62cb6a2d4) Importer(815301076,1909f56bfc062723c751e8b465ee728b)
Start importing Assets/Scripts/Shooting.cs using Guid(49ea11d045b8a504ab7f6db62cb6a2d4) Importer(815301076,1909f56bfc062723c751e8b465ee728b)  -> (artifact id: '64193d33f17ff3d06581b40e77228d56') in 0.010285 seconds 
========================================================================
Received Import Request.
  Time since last request: 54.833358 seconds.
  path: Assets/Scripts/EnemyController.cs
  artifactKey: Guid(da29c210affe3f54382104abd6722455) Importer(815301076,1909f56bfc062723c751e8b465ee728b)
Start importing Assets/Scripts/EnemyController.cs using Guid(da29c210affe3f54382104abd6722455) Importer(815301076,1909f56bfc062723c751e8b465ee728b)  -> (artifact id: '1d5d3c09e8038944527b5c25e170fa9e') in 0.008606 seconds 
========================================================================
Received Import Request.
  Time since last request: 130.751534 seconds.
  path: Assets/Scripts/PlayerControls.inputactions
  artifactKey: Guid(3601f62aec23c7f46ae7e5df3cfa67c0) Importer(815301076,1909f56bfc062723c751e8b465ee728b)
Start importing Assets/Scripts/PlayerControls.inputactions using Guid(3601f62aec23c7f46ae7e5df3cfa67c0) Importer(815301076,1909f56bfc062723c751e8b465ee728b)  -> (artifact id: '82b51733f189f45a40c0a27e3e18949d') in 0.026700 seconds 
========================================================================
Received Prepare
Registering precompiled user dll's ...
Registered in 0.004762 seconds.
Begin MonoManager ReloadAssembly
Native extension for WindowsStandalone target not found
Refreshing native plugins compatible for Editor in 1.61 ms, found 1 plugins.
Preloading 0 native plugins for Editor in 0.00 ms.
Mono: successfully reloaded assembly
- Completed reload, in  1.428 seconds
Platform modules already initialized, skipping
Shader 'Universal Render Pipeline/Particles/Lit': fallback shader 'Universal Render Pipeline/Particles/SimpleLit' not found
Shader 'Universal Render Pipeline/Particles/Lit': fallback shader 'Universal Render Pipeline/Particles/SimpleLit' not found
Refreshing native plugins compatible for Editor in 1.06 ms, found 1 plugins.
Preloading 0 native plugins for Editor in 0.00 ms.
Unloading 4737 Unused Serialized files (Serialized files now loaded: 0)
System memory in use before: 193.3 MB.
System memory in use after: 190.8 MB.

Unloading 47 unused Assets to reduce memory usage. Loaded Objects now: 5835.
Total: 7.471800 ms (FindLiveObjects: 0.620400 ms CreateObjectMapping: 0.220300 ms MarkObjects: 4.703300 ms  DeleteObjects: 1.926000 ms)

========================================================================
Received Import Request.
  Time since last request: 30.067188 seconds.
  path: Assets/Scripts/PlayerControls.inputactions
  artifactKey: Guid(3601f62aec23c7f46ae7e5df3cfa67c0) Importer(815301076,1909f56bfc062723c751e8b465ee728b)
Start importing Assets/Scripts/PlayerControls.inputactions using Guid(3601f62aec23c7f46ae7e5df3cfa67c0) Importer(815301076,1909f56bfc062723c751e8b465ee728b)  -> (artifact id: 'b788bc7affa7f9b57254c5b83f372633') in 0.026813 seconds 
========================================================================
Received Prepare
Registering precompiled user dll's ...
Registered in 0.003980 seconds.
Begin MonoManager ReloadAssembly
Native extension for WindowsStandalone target not found
Refreshing native plugins compatible for Editor in 1.03 ms, found 1 plugins.
Preloading 0 native plugins for Editor in 0.00 ms.
Mono: successfully reloaded assembly
- Completed reload, in  1.391 seconds
Platform modules already initialized, skipping
Shader 'Universal Render Pipeline/Particles/Lit': fallback shader 'Universal Render Pipeline/Particles/SimpleLit' not found
Shader 'Universal Render Pipeline/Particles/Lit': fallback shader 'Universal Render Pipeline/Particles/SimpleLit' not found
Refreshing native plugins compatible for Editor in 1.08 ms, found 1 plugins.
Preloading 0 native plugins for Editor in 0.00 ms.
Unloading 4737 Unused Serialized files (Serialized files now loaded: 0)
System memory in use before: 193.2 MB.
System memory in use after: 190.7 MB.

Unloading 47 unused Assets to reduce memory usage. Loaded Objects now: 5838.
Total: 6.853200 ms (FindLiveObjects: 0.629500 ms CreateObjectMapping: 0.182000 ms MarkObjects: 4.346600 ms  DeleteObjects: 1.693900 ms)

========================================================================
Received Import Request.
  Time since last request: 7.377399 seconds.
  path: Assets/Scripts/PlayerControls.inputactions
  artifactKey: Guid(3601f62aec23c7f46ae7e5df3cfa67c0) Importer(815301076,1909f56bfc062723c751e8b465ee728b)
Start importing Assets/Scripts/PlayerControls.inputactions using Guid(3601f62aec23c7f46ae7e5df3cfa67c0) Importer(815301076,1909f56bfc062723c751e8b465ee728b)  -> (artifact id: '29f8240f37b0389eabc9c4699d5fa9a8') in 0.026150 seconds 
========================================================================
Received Prepare
Registering precompiled user dll's ...
Registered in 0.004448 seconds.
Begin MonoManager ReloadAssembly
Native extension for WindowsStandalone target not found
Refreshing native plugins compatible for Editor in 1.04 ms, found 1 plugins.
Preloading 0 native plugins for Editor in 0.00 ms.
Mono: successfully reloaded assembly
- Completed reload, in  1.378 seconds
Platform modules already initialized, skipping
Shader 'Universal Render Pipeline/Particles/Lit': fallback shader 'Universal Render Pipeline/Particles/SimpleLit' not found
Shader 'Universal Render Pipeline/Particles/Lit': fallback shader 'Universal Render Pipeline/Particles/SimpleLit' not found
Refreshing native plugins compatible for Editor in 1.09 ms, found 1 plugins.
Preloading 0 native plugins for Editor in 0.00 ms.
Unloading 4737 Unused Serialized files (Serialized files now loaded: 0)
System memory in use before: 193.3 MB.
System memory in use after: 190.7 MB.

Unloading 47 unused Assets to reduce memory usage. Loaded Objects now: 5841.
Total: 6.326500 ms (FindLiveObjects: 0.594200 ms CreateObjectMapping: 0.173800 ms MarkObjects: 3.912200 ms  DeleteObjects: 1.644900 ms)

========================================================================
Received Import Request.
  Time since last request: 18.737375 seconds.
  path: Assets/Scripts/PlayerControls.inputactions
  artifactKey: Guid(3601f62aec23c7f46ae7e5df3cfa67c0) Importer(815301076,1909f56bfc062723c751e8b465ee728b)
Start importing Assets/Scripts/PlayerControls.inputactions using Guid(3601f62aec23c7f46ae7e5df3cfa67c0) Importer(815301076,1909f56bfc062723c751e8b465ee728b)  -> (artifact id: 'b3917e0744e747d508a8388cc9eb5014') in 0.026452 seconds 
========================================================================
Received Prepare
Registering precompiled user dll's ...
Registered in 0.003836 seconds.
Begin MonoManager ReloadAssembly
Native extension for WindowsStandalone target not found
Refreshing native plugins compatible for Editor in 1.08 ms, found 1 plugins.
Preloading 0 native plugins for Editor in 0.00 ms.
Mono: successfully reloaded assembly
- Completed reload, in  1.378 seconds
Platform modules already initialized, skipping
Shader 'Universal Render Pipeline/Particles/Lit': fallback shader 'Universal Render Pipeline/Particles/SimpleLit' not found
Shader 'Universal Render Pipeline/Particles/Lit': fallback shader 'Universal Render Pipeline/Particles/SimpleLit' not found
Refreshing native plugins compatible for Editor in 1.05 ms, found 1 plugins.
Preloading 0 native plugins for Editor in 0.00 ms.
Unloading 4737 Unused Serialized files (Serialized files now loaded: 0)
System memory in use before: 193.2 MB.
System memory in use after: 190.7 MB.

Unloading 47 unused Assets to reduce memory usage. Loaded Objects now: 5844.
Total: 6.409000 ms (FindLiveObjects: 0.605100 ms CreateObjectMapping: 0.205800 ms MarkObjects: 3.924700 ms  DeleteObjects: 1.671700 ms)

========================================================================
Received Import Request.
  Time since last request: 78.835754 seconds.
  path: Assets/Scripts/PlayerControls.inputactions
  artifactKey: Guid(3601f62aec23c7f46ae7e5df3cfa67c0) Importer(815301076,1909f56bfc062723c751e8b465ee728b)
Start importing Assets/Scripts/PlayerControls.inputactions using Guid(3601f62aec23c7f46ae7e5df3cfa67c0) Importer(815301076,1909f56bfc062723c751e8b465ee728b)  -> (artifact id: '1f3b273d55b72b97da0b28741767d4f1') in 0.025868 seconds 
========================================================================
Received Prepare
Registering precompiled user dll's ...
Registered in 0.003839 seconds.
Begin MonoManager ReloadAssembly
Native extension for WindowsStandalone target not found
Refreshing native plugins compatible for Editor in 1.03 ms, found 1 plugins.
Preloading 0 native plugins for Editor in 0.00 ms.
Mono: successfully reloaded assembly
- Completed reload, in  1.370 seconds
Platform modules already initialized, skipping
Shader 'Universal Render Pipeline/Particles/Lit': fallback shader 'Universal Render Pipeline/Particles/SimpleLit' not found
Shader 'Universal Render Pipeline/Particles/Lit': fallback shader 'Universal Render Pipeline/Particles/SimpleLit' not found
Refreshing native plugins compatible for Editor in 1.01 ms, found 1 plugins.
Preloading 0 native plugins for Editor in 0.00 ms.
Unloading 4737 Unused Serialized files (Serialized files now loaded: 0)
System memory in use before: 193.1 MB.
System memory in use after: 190.5 MB.

Unloading 47 unused Assets to reduce memory usage. Loaded Objects now: 5847.
Total: 6.356900 ms (FindLiveObjects: 0.597500 ms CreateObjectMapping: 0.214300 ms MarkObjects: 3.913400 ms  DeleteObjects: 1.630000 ms)

========================================================================
Received Import Request.
  Time since last request: 18.542674 seconds.
  path: Assets/Scripts/PlayerControls.inputactions
  artifactKey: Guid(3601f62aec23c7f46ae7e5df3cfa67c0) Importer(815301076,1909f56bfc062723c751e8b465ee728b)
Start importing Assets/Scripts/PlayerControls.inputactions using Guid(3601f62aec23c7f46ae7e5df3cfa67c0) Importer(815301076,1909f56bfc062723c751e8b465ee728b)  -> (artifact id: '0df83e508218cf5f5b348a3e9dd51120') in 0.026032 seconds 
========================================================================
Received Prepare
Registering precompiled user dll's ...
Registered in 0.003863 seconds.
Begin MonoManager ReloadAssembly
Native extension for WindowsStandalone target not found
Refreshing native plugins compatible for Editor in 1.03 ms, found 1 plugins.
Preloading 0 native plugins for Editor in 0.00 ms.
Mono: successfully reloaded assembly
- Completed reload, in  1.383 seconds
Platform modules already initialized, skipping
Shader 'Universal Render Pipeline/Particles/Lit': fallback shader 'Universal Render Pipeline/Particles/SimpleLit' not found
Shader 'Universal Render Pipeline/Particles/Lit': fallback shader 'Universal Render Pipeline/Particles/SimpleLit' not found
Refreshing native plugins compatible for Editor in 1.06 ms, found 1 plugins.
Preloading 0 native plugins for Editor in 0.00 ms.
Unloading 4737 Unused Serialized files (Serialized files now loaded: 0)
System memory in use before: 193.3 MB.
System memory in use after: 190.8 MB.

Unloading 47 unused Assets to reduce memory usage. Loaded Objects now: 5850.
Total: 6.610000 ms (FindLiveObjects: 0.659000 ms CreateObjectMapping: 0.224200 ms MarkObjects: 4.017600 ms  DeleteObjects: 1.707400 ms)

========================================================================
Received Import Request.
  Time since last request: 40.146950 seconds.
  path: Assets/Scripts/PlayerControls.inputactions
  artifactKey: Guid(3601f62aec23c7f46ae7e5df3cfa67c0) Importer(815301076,1909f56bfc062723c751e8b465ee728b)
Start importing Assets/Scripts/PlayerControls.inputactions using Guid(3601f62aec23c7f46ae7e5df3cfa67c0) Importer(815301076,1909f56bfc062723c751e8b465ee728b)  -> (artifact id: '27b97bf83f328934be932ec30a8df264') in 0.025442 seconds 
========================================================================
Received Prepare
Registering precompiled user dll's ...
Registered in 0.003720 seconds.
Begin MonoManager ReloadAssembly
Native extension for WindowsStandalone target not found
Refreshing native plugins compatible for Editor in 1.21 ms, found 1 plugins.
Preloading 0 native plugins for Editor in 0.00 ms.
Mono: successfully reloaded assembly
- Completed reload, in  1.413 seconds
Platform modules already initialized, skipping
Shader 'Universal Render Pipeline/Particles/Lit': fallback shader 'Universal Render Pipeline/Particles/SimpleLit' not found
Shader 'Universal Render Pipeline/Particles/Lit': fallback shader 'Universal Render Pipeline/Particles/SimpleLit' not found
Refreshing native plugins compatible for Editor in 1.03 ms, found 1 plugins.
Preloading 0 native plugins for Editor in 0.00 ms.
Unloading 4737 Unused Serialized files (Serialized files now loaded: 0)
System memory in use before: 193.3 MB.
System memory in use after: 190.8 MB.

Unloading 47 unused Assets to reduce memory usage. Loaded Objects now: 5853.
Total: 6.113000 ms (FindLiveObjects: 0.625700 ms CreateObjectMapping: 0.167600 ms MarkObjects: 3.686700 ms  DeleteObjects: 1.631100 ms)

========================================================================
Received Import Request.
  Time since last request: 74.753161 seconds.
  path: Assets/Scripts/PlayerControls.cs
  artifactKey: Guid(5e91a35eb0117604083ef5d1e2a6ceae) Importer(815301076,1909f56bfc062723c751e8b465ee728b)
Start importing Assets/Scripts/PlayerControls.cs using Guid(5e91a35eb0117604083ef5d1e2a6ceae) Importer(815301076,1909f56bfc062723c751e8b465ee728b)  -> (artifact id: '073c402d0e718181105e7452abd51253') in 0.010500 seconds 
========================================================================
Received Prepare
Registering precompiled user dll's ...
Registered in 0.003810 seconds.
Begin MonoManager ReloadAssembly
Native extension for WindowsStandalone target not found
Refreshing native plugins compatible for Editor in 1.05 ms, found 1 plugins.
Preloading 0 native plugins for Editor in 0.00 ms.
Mono: successfully reloaded assembly
- Completed reload, in  1.433 seconds
Platform modules already initialized, skipping
Shader 'Universal Render Pipeline/Particles/Lit': fallback shader 'Universal Render Pipeline/Particles/SimpleLit' not found
Shader 'Universal Render Pipeline/Particles/Lit': fallback shader 'Universal Render Pipeline/Particles/SimpleLit' not found
Refreshing native plugins compatible for Editor in 1.05 ms, found 1 plugins.
Preloading 0 native plugins for Editor in 0.00 ms.
Unloading 4737 Unused Serialized files (Serialized files now loaded: 0)
System memory in use before: 193.4 MB.
System memory in use after: 190.9 MB.

Unloading 47 unused Assets to reduce memory usage. Loaded Objects now: 5856.
Total: 7.145000 ms (FindLiveObjects: 0.873700 ms CreateObjectMapping: 0.357900 ms MarkObjects: 4.240200 ms  DeleteObjects: 1.671300 ms)

========================================================================
Received Import Request.
  Time since last request: 294.610914 seconds.
  path: Assets/Scripts/TwinStickMovement1.cs
  artifactKey: Guid(58842f4882688c249a664916cfb9f12c) Importer(815301076,1909f56bfc062723c751e8b465ee728b)
Start importing Assets/Scripts/TwinStickMovement1.cs using Guid(58842f4882688c249a664916cfb9f12c) Importer(815301076,1909f56bfc062723c751e8b465ee728b)  -> (artifact id: 'b17731335a766e01b1615f280ce99384') in 0.016457 seconds 
========================================================================
Received Import Request.
  Time since last request: 11.618540 seconds.
  path: Assets/Scripts/TwinStickMovementAndShoot.cs
  artifactKey: Guid(58842f4882688c249a664916cfb9f12c) Importer(815301076,1909f56bfc062723c751e8b465ee728b)
Start importing Assets/Scripts/TwinStickMovementAndShoot.cs using Guid(58842f4882688c249a664916cfb9f12c) Importer(815301076,1909f56bfc062723c751e8b465ee728b)  -> (artifact id: '3cfb878bc19dad343c6bf5305538ce00') in 0.008602 seconds 
========================================================================
Received Prepare
Registering precompiled user dll's ...
Registered in 0.003935 seconds.
Begin MonoManager ReloadAssembly
Native extension for WindowsStandalone target not found
Refreshing native plugins compatible for Editor in 1.04 ms, found 1 plugins.
Preloading 0 native plugins for Editor in 0.00 ms.
Mono: successfully reloaded assembly
- Completed reload, in  1.365 seconds
Platform modules already initialized, skipping
Shader 'Universal Render Pipeline/Particles/Lit': fallback shader 'Universal Render Pipeline/Particles/SimpleLit' not found
Shader 'Universal Render Pipeline/Particles/Lit': fallback shader 'Universal Render Pipeline/Particles/SimpleLit' not found
Refreshing native plugins compatible for Editor in 1.51 ms, found 1 plugins.
Preloading 0 native plugins for Editor in 0.00 ms.
Unloading 4737 Unused Serialized files (Serialized files now loaded: 0)
System memory in use before: 193.3 MB.
System memory in use after: 190.8 MB.

Unloading 47 unused Assets to reduce memory usage. Loaded Objects now: 5859.
Total: 6.321200 ms (FindLiveObjects: 0.603800 ms CreateObjectMapping: 0.184200 ms MarkObjects: 3.906800 ms  DeleteObjects: 1.625000 ms)

AssetImportWorkerClient::OnTransportError - code=2 error=End of file
